# This file contains the data of final population
# of objectives = 3, # of constraints = 0, # of real_var = 4, # of bits of bin_var = 0, constr_violation, rank, crowding_distance
0.000000e+00	0.000000e+00	-1.256624e-01	1.154199e+00	8.000000e-01	2.000000e+00	8.166751e-01	0.000000e+00	1	1.000000e+14
0.000000e+00	0.000000e+00	-1.256624e-01	1.154199e+00	8.000000e-01	2.000000e+00	8.166751e-01	0.000000e+00	1	1.000000e+14
8.002507e+02	1.215621e+03	-7.437183e+00	8.000003e-01	1.649237e+00	2.000000e+00	1.885714e+00	0.000000e+00	1	1.000000e+14
7.585473e+01	2.708063e+02	-2.009399e+00	1.685730e+00	8.001561e-01	1.999126e+00	1.813195e+00	0.000000e+00	1	5.716071e-02
7.367202e+01	4.189560e+02	-7.853955e-01	8.187759e-01	8.000228e-01	1.555224e+00	1.186562e+00	0.000000e+00	1	5.712990e-02
3.720151e+02	1.742882e+02	-5.309223e+00	8.000000e-01	1.358503e+00	2.000000e+00	1.938852e+00	0.000000e+00	1	4.912157e-02
4.631448e+01	7.297469e+02	-2.821193e-01	8.000000e-01	8.000000e-01	1.509459e+00	9.264652e-01	0.000000e+00	1	2.069311e-02
0.000000e+00	0.000000e+00	-1.256624e-01	1.154199e+00	8.000000e-01	2.000000e+00	8.166751e-01	0.000000e+00	1	1.929166e-02
7.394817e+01	4.187815e+02	-7.830003e-01	8.014815e-01	8.020535e-01	1.555224e+00	1.186562e+00	0.000000e+00	1	1.549423e-02
6.673829e+01	5.108943e+02	-5.026476e-01	8.482860e-01	8.035163e-01	1.740252e+00	1.267658e+00	0.000000e+00	1	1.435006e-02
5.237390e+02	1.854020e+02	-6.157523e+00	8.000004e-01	1.501309e+00	2.000000e+00	1.894876e+00	0.000000e+00	1	1.260955e-02
4.870627e+01	6.849684e+02	-2.813649e-01	8.184441e-01	8.003977e-01	1.662204e+00	1.086569e+00	0.000000e+00	1	1.074453e-02
5.481480e+02	2.036718e+02	-6.157964e+00	8.000000e-01	1.501256e+00	2.000000e+00	1.894752e+00	0.000000e+00	1	1.064936e-02
6.873273e+02	2.265888e+02	-7.067406e+00	8.012331e-01	1.611162e+00	2.000000e+00	1.885519e+00	0.000000e+00	1	1.040655e-02
6.445688e+01	5.368419e+02	-4.795744e-01	8.014694e-01	8.006835e-01	1.655965e+00	1.179790e+00	0.000000e+00	1	1.021356e-02
5.570183e+01	6.826814e+02	-2.827109e-01	1.106581e+00	8.124556e-01	1.907351e+00	1.280451e+00	0.000000e+00	1	9.628899e-03
7.082104e+02	2.391988e+02	-7.067685e+00	8.000555e-01	1.621048e+00	2.000000e+00	1.874662e+00	0.000000e+00	1	9.256855e-03
3.895157e+02	1.941474e+02	-5.310059e+00	8.000001e-01	1.358571e+00	1.999993e+00	1.938673e+00	0.000000e+00	1	7.947679e-03
3.752011e+02	1.745260e+02	-5.309293e+00	8.000291e-01	1.361673e+00	1.999836e+00	1.935171e+00	0.000000e+00	1	7.487570e-03
1.858147e+02	2.333809e+02	-3.383361e+00	8.193371e-01	1.062974e+00	1.757140e+00	1.734629e+00	0.000000e+00	1	7.163523e-03
0.000000e+00	0.000000e+00	-1.256624e-01	1.154199e+00	8.000000e-01	2.000000e+00	8.166751e-01	0.000000e+00	1	7.098501e-03
6.683315e+02	2.194498e+02	-6.956673e+00	8.000001e-01	1.598587e+00	1.999999e+00	1.885576e+00	0.000000e+00	1	6.474409e-03
7.923529e+02	8.366503e+02	-7.406162e+00	8.052478e-01	1.647496e+00	2.000000e+00	1.884949e+00	0.000000e+00	1	6.339978e-03
5.885818e+02	2.050756e+02	-6.428942e+00	8.000013e-01	1.536580e+00	2.000000e+00	1.889957e+00	0.000000e+00	1	6.254518e-03
5.942268e+02	2.055729e+02	-6.463103e+00	8.000406e-01	1.541092e+00	2.000000e+00	1.889755e+00	0.000000e+00	1	5.970315e-03
6.054143e+02	2.067088e+02	-6.541759e+00	8.000000e-01	1.550517e+00	2.000000e+00	1.888595e+00	0.000000e+00	1	5.915924e-03
7.814674e+02	9.270617e+02	-7.373883e+00	8.000000e-01	1.642832e+00	2.000000e+00	1.885520e+00	0.000000e+00	1	5.719871e-03
5.618056e+02	2.038127e+02	-6.238494e+00	8.000115e-01	1.512827e+00	2.000000e+00	1.893859e+00	0.000000e+00	1	5.717292e-03
6.685967e+01	5.107396e+02	-5.023756e-01	8.004983e-01	8.099488e-01	1.713822e+00	1.240805e+00	0.000000e+00	1	5.540932e-03
3.407502e+02	1.779351e+02	-5.159915e+00	8.000001e-01	1.319725e+00	2.000000e+00	1.960132e+00	0.000000e+00	1	5.466384e-03
2.435144e+02	2.045542e+02	-4.171599e+00	8.003108e-01	1.173183e+00	1.891298e+00	1.869087e+00	0.000000e+00	1	5.427545e-03
3.362506e+02	1.786251e+02	-5.140278e+00	8.000000e-01	1.314092e+00	1.999999e+00	1.963255e+00	0.000000e+00	1	5.207662e-03
5.003491e+02	1.852433e+02	-5.982659e+00	8.000000e-01	1.477591e+00	2.000000e+00	1.900177e+00	0.000000e+00	1	5.158323e-03
7.949575e+02	9.075978e+02	-7.412850e+00	8.025748e-01	1.648443e+00	1.999816e+00	1.885333e+00	0.000000e+00	1	5.125767e-03
7.910281e+02	8.975830e+02	-7.407498e+00	8.000142e-01	1.646932e+00	1.997642e+00	1.882548e+00	0.000000e+00	1	5.090459e-03
8.083554e+01	3.956785e+02	-2.033264e+00	1.798226e+00	8.054833e-01	1.999910e+00	1.785293e+00	0.000000e+00	1	5.013326e-03
2.918868e+02	2.018510e+02	-4.706964e+00	8.000414e-01	1.243510e+00	2.000000e+00	1.979418e+00	0.000000e+00	1	4.976183e-03
9.232233e+01	2.863016e+02	-2.260574e+00	1.687421e+00	8.483782e-01	1.999989e+00	1.813195e+00	0.000000e+00	1	4.961177e-03
7.314417e+01	4.334408e+02	-7.850673e-01	8.000000e-01	8.000000e-01	1.483852e+00	1.114116e+00	0.000000e+00	1	4.932310e-03
1.981506e+02	2.120063e+02	-3.618595e+00	8.000015e-01	1.094273e+00	1.840627e+00	1.817992e+00	0.000000e+00	1	4.888975e-03
2.408514e+02	2.076825e+02	-4.122735e+00	8.064124e-01	1.166969e+00	1.892869e+00	1.870026e+00	0.000000e+00	1	4.867411e-03
7.489488e+02	3.071146e+02	-7.262407e+00	8.000001e-01	1.631440e+00	2.000000e+00	1.885568e+00	0.000000e+00	1	4.819764e-03
1.141189e+02	5.447839e+02	-2.547695e+00	1.798226e+00	9.005977e-01	1.999995e+00	1.786424e+00	0.000000e+00	1	4.815106e-03
2.393269e+02	2.088228e+02	-4.106177e+00	8.002356e-01	1.164075e+00	1.892783e+00	1.870587e+00	0.000000e+00	1	4.761451e-03
4.144966e+02	1.903844e+02	-5.439758e+00	8.000000e-01	1.386584e+00	1.999972e+00	1.925942e+00	0.000000e+00	1	4.727813e-03
7.779547e+02	7.984854e+02	-7.370152e+00	8.000000e-01	1.642423e+00	1.999999e+00	1.885555e+00	0.000000e+00	1	4.726003e-03
1.503098e+02	2.347408e+02	-2.964701e+00	8.000000e-01	9.940336e-01	1.701679e+00	1.676942e+00	0.000000e+00	1	4.713409e-03
4.516787e+02	1.872573e+02	-5.656464e+00	8.024567e-01	1.426896e+00	2.000000e+00	1.911404e+00	0.000000e+00	1	4.692439e-03
7.986718e+02	1.131951e+03	-7.431594e+00	8.000518e-01	1.649192e+00	1.999961e+00	1.885156e+00	0.000000e+00	1	4.678145e-03
2.253405e+02	2.306573e+02	-3.883523e+00	8.000071e-01	1.132764e+00	1.892994e+00	1.870587e+00	0.000000e+00	1	4.665360e-03
7.863693e+02	1.118208e+03	-7.378483e+00	8.000000e-01	1.643270e+00	2.000000e+00	1.885568e+00	0.000000e+00	1	4.665232e-03
6.501313e+02	2.144566e+02	-6.839120e+00	8.000000e-01	1.585383e+00	1.999998e+00	1.886103e+00	0.000000e+00	1	4.581222e-03
7.678556e+02	5.005310e+02	-7.349077e+00	8.000001e-01	1.640290e+00	2.000000e+00	1.885547e+00	0.000000e+00	1	4.553818e-03
3.639130e+02	1.751614e+02	-5.265254e+00	8.000000e-01	1.348349e+00	2.000000e+00	1.944188e+00	0.000000e+00	1	4.552355e-03
7.978830e+02	1.107954e+03	-7.430809e+00	8.011042e-01	1.648855e+00	2.000000e+00	1.885519e+00	0.000000e+00	1	4.540899e-03
1.488251e+02	2.378681e+02	-2.932352e+00	8.000000e-01	9.890652e-01	1.701822e+00	1.677738e+00	0.000000e+00	1	4.538197e-03
7.886002e+02	7.347324e+02	-7.381712e+00	8.010108e-01	1.645851e+00	1.996465e+00	1.881784e+00	0.000000e+00	1	4.522176e-03
7.887509e+02	8.523614e+02	-7.401632e+00	8.000765e-01	1.645851e+00	1.996465e+00	1.882256e+00	0.000000e+00	1	4.503237e-03
7.944206e+02	9.490098e+02	-7.417802e+00	8.025831e-01	1.648225e+00	1.999892e+00	1.884681e+00	0.000000e+00	1	4.476052e-03
6.018176e+02	2.067045e+02	-6.503653e+00	8.000000e-01	1.547076e+00	2.000000e+00	1.887621e+00	0.000000e+00	1	4.434251e-03
3.463934e+02	1.781063e+02	-5.161519e+00	8.000021e-01	1.325271e+00	1.997031e+00	1.953859e+00	0.000000e+00	1	4.428658e-03
1.957013e+02	2.154672e+02	-3.571909e+00	8.000015e-01	1.087608e+00	1.840147e+00	1.817980e+00	0.000000e+00	1	4.423801e-03
2.539408e+02	1.955918e+02	-4.298334e+00	8.010418e-01	1.189400e+00	2.000000e+00	1.979057e+00	0.000000e+00	1	4.401326e-03
2.339585e+02	2.153494e+02	-4.022720e+00	8.000010e-01	1.152318e+00	1.890575e+00	1.868989e+00	0.000000e+00	1	4.370562e-03
2.943107e+02	1.991904e+02	-4.742747e+00	8.001775e-01	1.248152e+00	2.000000e+00	1.979428e+00	0.000000e+00	1	4.368299e-03
6.740721e+02	2.213079e+02	-6.994134e+00	8.000008e-01	1.602663e+00	2.000000e+00	1.885520e+00	0.000000e+00	1	4.365758e-03
8.397669e+01	3.240293e+02	-2.107316e+00	1.665907e+00	8.190522e-01	1.995408e+00	1.813195e+00	0.000000e+00	1	4.343032e-03
2.228393e+02	2.395343e+02	-3.845532e+00	8.002453e-01	1.127219e+00	1.891490e+00	1.869167e+00	0.000000e+00	1	4.295803e-03
7.934902e+02	8.909865e+02	-7.410965e+00	8.028756e-01	1.648168e+00	1.999968e+00	1.883953e+00	0.000000e+00	1	4.293018e-03
7.698959e+02	5.496457e+02	-7.354962e+00	8.000001e-01	1.640874e+00	2.000000e+00	1.885534e+00	0.000000e+00	1	4.281649e-03
4.434989e+02	1.874412e+02	-5.613268e+00	8.000680e-01	1.418633e+00	2.000000e+00	1.914371e+00	0.000000e+00	1	4.272910e-03
7.844332e+02	1.040811e+03	-7.376921e+00	8.000000e-01	1.643118e+00	2.000000e+00	1.885574e+00	0.000000e+00	1	4.267279e-03
5.515662e+02	2.037060e+02	-6.174314e+00	8.000358e-01	1.503945e+00	2.000000e+00	1.894849e+00	0.000000e+00	1	4.260492e-03
4.927375e+02	1.852215e+02	-5.937238e+00	8.000000e-01	1.470382e+00	1.999998e+00	1.901035e+00	0.000000e+00	1	4.256154e-03
6.297610e+02	2.106976e+02	-6.686672e+00	8.000000e-01	1.569277e+00	1.999998e+00	1.885565e+00	0.000000e+00	1	4.253111e-03
3.325891e+02	1.791843e+02	-5.126736e+00	8.000001e-01	1.309477e+00	2.000000e+00	1.966889e+00	0.000000e+00	1	4.249259e-03
7.977934e+02	1.101976e+03	-7.430587e+00	8.011360e-01	1.648855e+00	2.000000e+00	1.885531e+00	0.000000e+00	1	4.239386e-03
3.951913e+02	1.931988e+02	-5.336336e+00	8.000072e-01	1.364810e+00	2.000000e+00	1.936058e+00	0.000000e+00	1	4.217463e-03
7.660997e+02	4.634312e+02	-7.343067e+00	8.000001e-01	1.639707e+00	2.000000e+00	1.885577e+00	0.000000e+00	1	4.199318e-03
2.318834e+02	2.182199e+02	-3.987177e+00	8.001473e-01	1.147631e+00	1.890201e+00	1.867700e+00	0.000000e+00	1	4.189628e-03
7.906222e+02	7.439457e+02	-7.390382e+00	8.064843e-01	1.646988e+00	1.999999e+00	1.883462e+00	0.000000e+00	1	4.189035e-03
3.604505e+02	1.759294e+02	-5.235007e+00	8.000081e-01	1.342899e+00	1.999997e+00	1.949188e+00	0.000000e+00	1	4.143367e-03
1.520508e+02	2.325111e+02	-2.987465e+00	8.002983e-01	9.986493e-01	1.701565e+00	1.675870e+00	0.000000e+00	1	4.133886e-03
7.601239e+02	3.774788e+02	-7.319594e+00	8.000001e-01	1.637287e+00	1.999998e+00	1.885533e+00	0.000000e+00	1	4.130758e-03
7.965734e+02	1.029814e+03	-7.425184e+00	8.017745e-01	1.648691e+00	1.999995e+00	1.885476e+00	0.000000e+00	1	4.123050e-03
1.811459e+02	2.365069e+02	-3.346645e+00	8.000075e-01	1.054200e+00	1.762252e+00	1.738343e+00	0.000000e+00	1	4.115850e-03
2.274475e+02	2.297397e+02	-3.893036e+00	8.000002e-01	1.135674e+00	1.891386e+00	1.871603e+00	0.000000e+00	1	4.091178e-03
2.722882e+02	1.834227e+02	-4.521564e+00	8.305161e-01	1.225547e+00	2.000000e+00	1.972480e+00	0.000000e+00	1	4.073867e-03
4.180174e+02	1.898594e+02	-5.462367e+00	8.000008e-01	1.390627e+00	2.000000e+00	1.924665e+00	0.000000e+00	1	4.055772e-03
7.965229e+02	1.024652e+03	-7.424697e+00	8.017745e-01	1.648691e+00	1.999982e+00	1.885476e+00	0.000000e+00	1	4.054920e-03
1.191430e+02	3.521197e+02	-2.583748e+00	1.844470e+00	9.091958e-01	1.999998e+00	1.772067e+00	0.000000e+00	1	4.047231e-03
3.683335e+02	1.748713e+02	-5.281917e+00	8.000009e-01	1.353278e+00	1.999976e+00	1.942575e+00	0.000000e+00	1	4.033085e-03
7.608102e+02	3.851074e+02	-7.322783e+00	8.000000e-01	1.637605e+00	2.000000e+00	1.885526e+00	0.000000e+00	1	4.020780e-03
1.414851e+02	2.522330e+02	-2.801496e+00	8.000000e-01	9.668988e-01	1.701802e+00	1.676942e+00	0.000000e+00	1	3.996550e-03
2.452856e+02	2.029086e+02	-4.199904e+00	8.000049e-01	1.176971e+00	1.890575e+00	1.868989e+00	0.000000e+00	1	3.994213e-03
2.005725e+02	2.091224e+02	-3.660278e+00	8.000000e-01	1.100441e+00	1.840147e+00	1.817698e+00	0.000000e+00	1	3.982722e-03
3.048683e+02	1.901081e+02	-4.895905e+00	8.000002e-01	1.267927e+00	1.999640e+00	1.979186e+00	0.000000e+00	1	3.966192e-03
7.535667e+02	3.279546e+02	-7.278364e+00	8.010765e-01	1.633476e+00	2.000000e+00	1.885531e+00	0.000000e+00	1	3.962501e-03
5.830351e+02	2.047058e+02	-6.383640e+00	8.000000e-01	1.531419e+00	1.999997e+00	1.891182e+00	0.000000e+00	1	3.951446e-03
5.207552e+02	1.854773e+02	-6.131966e+00	8.000020e-01	1.498298e+00	1.999997e+00	1.894686e+00	0.000000e+00	1	3.948260e-03
3.293687e+02	1.796434e+02	-5.116074e+00	8.000288e-01	1.305621e+00	1.999987e+00	1.968964e+00	0.000000e+00	1	3.942564e-03
4.353659e+02	1.883016e+02	-5.557543e+00	8.000221e-01	1.409501e+00	1.999969e+00	1.916888e+00	0.000000e+00	1	3.902998e-03
2.474723e+02	2.006943e+02	-4.236397e+00	8.002411e-01	1.181787e+00	1.892783e+00	1.870925e+00	0.000000e+00	1	3.896404e-03
4.777239e+02	1.855338e+02	-5.836733e+00	8.000002e-01	1.455063e+00	1.999996e+00	1.904406e+00	0.000000e+00	1	3.894214e-03
4.326632e+02	1.885648e+02	-5.537355e+00	8.000291e-01	1.406003e+00	1.999993e+00	1.920220e+00	0.000000e+00	1	3.894052e-03
4.373159e+02	1.878895e+02	-5.576567e+00	8.000000e-01	1.411936e+00	1.999999e+00	1.916888e+00	0.000000e+00	1	3.887832e-03
7.907864e+02	8.658236e+02	-7.404313e+00	8.002573e-01	1.646932e+00	1.997647e+00	1.882548e+00	0.000000e+00	1	3.881316e-03
4.039914e+02	1.919030e+02	-5.378693e+00	8.000000e-01	1.374440e+00	2.000000e+00	1.932225e+00	0.000000e+00	1	3.878099e-03
1.726450e+02	2.595370e+02	-3.185214e+00	8.001041e-01	1.030545e+00	1.766340e+00	1.740649e+00	0.000000e+00	1	3.870939e-03
7.748322e+02	6.905320e+02	-7.365029e+00	8.000000e-01	1.641939e+00	2.000000e+00	1.885595e+00	0.000000e+00	1	3.869666e-03
3.107874e+02	1.860346e+02	-4.979719e+00	8.012686e-01	1.278725e+00	1.999969e+00	1.979186e+00	0.000000e+00	1	3.868185e-03
4.113675e+02	1.907389e+02	-5.423214e+00	8.000000e-01	1.383065e+00	2.000000e+00	1.927942e+00	0.000000e+00	1	3.867476e-03
1.553210e+02	2.271635e+02	-3.039887e+00	8.000002e-01	1.005583e+00	1.764185e+00	1.740721e+00	0.000000e+00	1	3.865260e-03
7.879805e+02	7.897510e+02	-7.391701e+00	8.000028e-01	1.645851e+00	1.996465e+00	1.880989e+00	0.000000e+00	1	3.864907e-03
7.649380e+02	4.429475e+02	-7.339166e+00	8.000000e-01	1.639294e+00	1.999998e+00	1.885555e+00	0.000000e+00	1	3.860924e-03
6.383338e+02	2.118304e+02	-6.759688e+00	8.000000e-01	1.576401e+00	1.999998e+00	1.886824e+00	0.000000e+00	1	3.855426e-03
3.126328e+02	1.847500e+02	-5.008077e+00	8.000000e-01	1.282183e+00	1.999997e+00	1.979353e+00	0.000000e+00	1	3.854081e-03
3.078893e+02	1.879183e+02	-4.939725e+00	8.000000e-01	1.273498e+00	1.999995e+00	1.979545e+00	0.000000e+00	1	3.849019e-03
7.906971e+02	8.576090e+02	-7.403213e+00	8.003356e-01	1.646932e+00	1.997678e+00	1.882454e+00	0.000000e+00	1	3.848239e-03
7.837756e+02	1.015567e+03	-7.376358e+00	8.000000e-01	1.643058e+00	1.999996e+00	1.885565e+00	0.000000e+00	1	3.827628e-03
1.901132e+02	2.243657e+02	-3.472679e+00	8.000039e-01	1.075452e+00	1.766707e+00	1.740721e+00	0.000000e+00	1	3.826267e-03
4.594384e+02	1.864143e+02	-5.711088e+00	8.000006e-01	1.435469e+00	2.000000e+00	1.910099e+00	0.000000e+00	1	3.818048e-03
7.952105e+02	9.375854e+02	-7.416492e+00	8.025627e-01	1.648485e+00	1.999953e+00	1.885326e+00	0.000000e+00	1	3.808236e-03
3.152778e+02	1.832112e+02	-5.044137e+00	8.013436e-01	1.286856e+00	1.999969e+00	1.979186e+00	0.000000e+00	1	3.794792e-03
6.254835e+02	2.095188e+02	-6.676747e+00	8.000001e-01	1.566606e+00	2.000000e+00	1.887203e+00	0.000000e+00	1	3.789979e-03
3.261435e+02	1.801784e+02	-5.105126e+00	8.000020e-01	1.301622e+00	2.000000e+00	1.971843e+00	0.000000e+00	1	3.776226e-03
7.731767e+02	6.417123e+02	-7.362473e+00	8.000000e-01	1.641632e+00	2.000000e+00	1.885529e+00	0.000000e+00	1	3.771820e-03
2.286429e+02	2.234502e+02	-3.936501e+00	8.004767e-01	1.140291e+00	1.892994e+00	1.870640e+00	0.000000e+00	1	3.756644e-03
2.598524e+02	1.924368e+02	-4.395599e+00	8.000596e-01	1.205634e+00	1.891423e+00	1.869333e+00	0.000000e+00	1	3.754880e-03
3.992775e+02	1.928533e+02	-5.348565e+00	8.000005e-01	1.369094e+00	2.000000e+00	1.932617e+00	0.000000e+00	1	3.752057e-03
1.929602e+02	2.188126e+02	-3.528959e+00	8.000009e-01	1.080855e+00	1.840627e+00	1.817992e+00	0.000000e+00	1	3.751649e-03
4.251609e+02	1.895345e+02	-5.489444e+00	8.000000e-01	1.397932e+00	2.000000e+00	1.920416e+00	0.000000e+00	1	3.746092e-03
7.626362e+02	4.124048e+02	-7.330012e+00	8.000000e-01	1.638301e+00	1.999820e+00	1.885292e+00	0.000000e+00	1	3.731353e-03
4.275022e+02	1.888882e+02	-5.515372e+00	8.000000e-01	1.401066e+00	2.000000e+00	1.920416e+00	0.000000e+00	1	3.723603e-03
1.039362e+02	2.676695e+02	-2.438618e+00	1.775663e+00	8.821161e-01	1.999965e+00	1.790900e+00	0.000000e+00	1	3.718966e-03
4.708097e+02	1.858075e+02	-5.789318e+00	8.000432e-01	1.447757e+00	2.000000e+00	1.906345e+00	0.000000e+00	1	3.709786e-03
3.923589e+02	1.937280e+02	-5.321811e+00	8.000291e-01	1.361673e+00	1.999836e+00	1.936781e+00	0.000000e+00	1	3.698930e-03
2.763336e+02	1.828448e+02	-4.516510e+00	8.000000e-01	1.230465e+00	2.000000e+00	1.966698e+00	0.000000e+00	1	3.694957e-03
7.853992e+02	1.079395e+03	-7.377746e+00	8.000000e-01	1.643196e+00	2.000000e+00	1.885568e+00	0.000000e+00	1	3.684038e-03
5.797582e+02	2.044783e+02	-6.366996e+00	8.000161e-01	1.528934e+00	2.000000e+00	1.891037e+00	0.000000e+00	1	3.675121e-03
6.140790e+02	2.077877e+02	-6.594198e+00	8.000000e-01	1.557212e+00	2.000000e+00	1.888455e+00	0.000000e+00	1	3.660439e-03
5.095514e+02	1.855229e+02	-6.050609e+00	8.016103e-01	1.487033e+00	1.999846e+00	1.896502e+00	0.000000e+00	1	3.657952e-03
7.719217e+02	6.048719e+02	-7.359823e+00	8.000001e-01	1.641365e+00	2.000000e+00	1.885519e+00	0.000000e+00	1	3.650945e-03
4.981700e+01	6.802968e+02	-2.825285e-01	8.001344e-01	8.006835e-01	1.700612e+00	1.131150e+00	0.000000e+00	1	3.650420e-03
7.739414e+02	6.651683e+02	-7.363942e+00	8.000000e-01	1.641781e+00	2.000000e+00	1.885534e+00	0.000000e+00	1	3.614260e-03
7.991569e+02	1.150040e+03	-7.433038e+00	8.001084e-01	1.649237e+00	2.000000e+00	1.885443e+00	0.000000e+00	1	3.613130e-03
7.193673e+02	2.589460e+02	-7.093574e+00	8.000000e-01	1.613531e+00	2.000000e+00	1.885554e+00	0.000000e+00	1	3.603996e-03
2.053280e+02	2.048846e+02	-3.725170e+00	8.000000e-01	1.111086e+00	1.840147e+00	1.818843e+00	0.000000e+00	1	3.591067e-03
7.325057e+02	2.731864e+02	-7.165362e+00	8.012080e-01	1.621397e+00	2.000000e+00	1.885153e+00	0.000000e+00	1	3.584878e-03
7.783923e+02	8.142057e+02	-7.370439e+00	8.000024e-01	1.642473e+00	2.000000e+00	1.885519e+00	0.000000e+00	1	3.574804e-03
1.216090e+02	3.271477e+02	-2.630581e+00	1.851646e+00	9.157179e-01	1.999997e+00	1.772067e+00	0.000000e+00	1	3.566654e-03
7.990017e+02	1.144714e+03	-7.432780e+00	8.002113e-01	1.649185e+00	1.999980e+00	1.885474e+00	0.000000e+00	1	3.565917e-03
7.954328e+02	9.800555e+02	-7.421202e+00	8.025484e-01	1.648419e+00	1.999999e+00	1.885354e+00	0.000000e+00	1	3.560704e-03
2.522529e+02	1.973115e+02	-4.270845e+00	8.003448e-01	1.185543e+00	2.000000e+00	1.979545e+00	0.000000e+00	1	3.560245e-03
7.883181e+02	8.052510e+02	-7.394758e+00	8.001983e-01	1.645851e+00	1.996465e+00	1.881681e+00	0.000000e+00	1	3.556029e-03
7.923355e+02	7.139577e+02	-7.375732e+00	8.003846e-01	1.647575e+00	1.997647e+00	1.882346e+00	0.000000e+00	1	3.552664e-03
4.631448e+01	7.297469e+02	-2.821193e-01	8.000000e-01	8.000000e-01	1.509459e+00	9.264652e-01	0.000000e+00	1	3.540882e-03
7.951807e+02	8.299107e+02	-7.402140e+00	8.045230e-01	1.648291e+00	1.999978e+00	1.886732e+00	0.000000e+00	1	3.537967e-03
7.148427e+02	2.557709e+02	-7.068744e+00	8.000000e-01	1.610723e+00	1.999998e+00	1.885433e+00	0.000000e+00	1	3.536071e-03
3.233460e+02	1.807261e+02	-5.094782e+00	8.000002e-01	1.298060e+00	2.000000e+00	1.974548e+00	0.000000e+00	1	3.533797e-03
7.956359e+02	6.616712e+02	-7.366862e+00	8.056453e-01	1.648443e+00	1.999999e+00	1.885299e+00	0.000000e+00	1	3.530278e-03
1.004247e+02	2.733234e+02	-2.377078e+00	1.752308e+00	8.717972e-01	1.999084e+00	1.794695e+00	0.000000e+00	1	3.506264e-03
7.593920e+02	3.692076e+02	-7.315498e+00	8.000000e-01	1.636919e+00	2.000000e+00	1.885595e+00	0.000000e+00	1	3.500336e-03
8.908588e+01	2.979316e+02	-2.200313e+00	1.688762e+00	8.370544e-01	1.999997e+00	1.813195e+00	0.000000e+00	1	3.490428e-03
6.101221e+02	2.072753e+02	-6.569601e+00	8.000000e-01	1.554131e+00	2.000000e+00	1.888566e+00	0.000000e+00	1	3.484329e-03
5.128979e+02	1.853959e+02	-6.059807e+00	8.000006e-01	1.489383e+00	1.999999e+00	1.898797e+00	0.000000e+00	1	3.468701e-03
7.875248e+02	1.164391e+03	-7.379119e+00	8.000077e-01	1.643345e+00	1.999995e+00	1.885573e+00	0.000000e+00	1	3.461116e-03
1.247927e+02	3.115067e+02	-2.681005e+00	1.850581e+00	9.238604e-01	1.999993e+00	1.773001e+00	0.000000e+00	1	3.458433e-03
7.936057e+02	8.805422e+02	-7.410845e+00	8.038492e-01	1.648005e+00	2.000000e+00	1.884949e+00	0.000000e+00	1	3.453003e-03
7.950969e+02	9.168357e+02	-7.414392e+00	8.028756e-01	1.648458e+00	1.999968e+00	1.885511e+00	0.000000e+00	1	3.451500e-03
7.756849e+02	7.205351e+02	-7.366818e+00	8.000000e-01	1.642086e+00	2.000000e+00	1.885554e+00	0.000000e+00	1	3.446158e-03
6.243136e+02	2.092718e+02	-6.657070e+00	8.000000e-01	1.565039e+00	2.000000e+00	1.888271e+00	0.000000e+00	1	3.442180e-03
6.477413e+02	2.138502e+02	-6.821938e+00	8.000000e-01	1.583511e+00	1.999999e+00	1.886437e+00	0.000000e+00	1	3.433462e-03
7.957482e+02	9.964086e+02	-7.421384e+00	8.025484e-01	1.648397e+00	1.999999e+00	1.885443e+00	0.000000e+00	1	3.415691e-03
7.803492e+02	8.840489e+02	-7.372928e+00	8.000001e-01	1.642721e+00	2.000000e+00	1.885578e+00	0.000000e+00	1	3.406166e-03
2.581142e+02	1.916474e+02	-4.367897e+00	8.003448e-01	1.198717e+00	2.000000e+00	1.979545e+00	0.000000e+00	1	3.402268e-03
7.389116e+02	2.818437e+02	-7.205149e+00	8.001130e-01	1.625527e+00	2.000000e+00	1.885587e+00	0.000000e+00	1	3.398004e-03
1.977283e+02	2.146255e+02	-3.581154e+00	8.064124e-01	1.088854e+00	1.892869e+00	1.870026e+00	0.000000e+00	1	3.393462e-03
5.158551e+02	1.855134e+02	-6.092256e+00	8.000000e-01	1.493325e+00	2.000000e+00	1.895119e+00	0.000000e+00	1	3.390476e-03
8.136471e+01	3.726544e+02	-2.050396e+00	1.798226e+00	8.079274e-01	1.999981e+00	1.786424e+00	0.000000e+00	1	3.381430e-03
7.724698e+02	6.206725e+02	-7.360975e+00	8.000000e-01	1.641484e+00	2.000000e+00	1.885520e+00	0.000000e+00	1	3.377566e-03
7.559503e+02	3.414086e+02	-7.298956e+00	8.000000e-01	1.635220e+00	2.000000e+00	1.885587e+00	0.000000e+00	1	3.369637e-03
4.008703e+02	1.924093e+02	-5.362166e+00	8.000000e-01	1.371134e+00	2.000000e+00	1.932225e+00	0.000000e+00	1	3.355736e-03
7.990685e+01	4.034248e+02	-2.028480e+00	1.603893e+00	8.035731e-01	1.990983e+00	1.822302e+00	0.000000e+00	1	3.349894e-03
7.961093e+02	1.003111e+03	-7.421671e+00	8.011042e-01	1.648855e+00	2.000000e+00	1.884510e+00	0.000000e+00	1	3.349798e-03
1.778354e+02	2.443194e+02	-3.270398e+00	8.000003e-01	1.044149e+00	1.766558e+00	1.740681e+00	0.000000e+00	1	3.348559e-03
7.693621e+02	5.287622e+02	-7.351344e+00	8.000104e-01	1.640683e+00	1.999999e+00	1.885740e+00	0.000000e+00	1	3.347010e-03
1.694653e+02	3.226861e+02	-3.147474e+00	8.000030e-01	1.022556e+00	1.776841e+00	1.753415e+00	0.000000e+00	1	3.346218e-03
6.800133e+02	2.233887e+02	-7.031906e+00	8.000000e-01	1.606782e+00	1.999998e+00	1.885565e+00	0.000000e+00	1	3.311414e-03
7.705618e+02	5.656739e+02	-7.356320e+00	8.000000e-01	1.641039e+00	2.000000e+00	1.885568e+00	0.000000e+00	1	3.310337e-03
3.559513e+02	1.761413e+02	-5.223203e+00	8.000000e-01	1.338219e+00	1.999999e+00	1.950094e+00	0.000000e+00	1	3.306751e-03
2.802332e+02	2.598651e+02	-4.530789e+00	8.003507e-01	1.220569e+00	2.000000e+00	1.979613e+00	0.000000e+00	1	3.305318e-03
7.549643e+02	3.362993e+02	-7.295883e+00	8.000000e-01	1.634786e+00	2.000000e+00	1.885443e+00	0.000000e+00	1	3.302645e-03
6.092815e+02	2.071709e+02	-6.564680e+00	8.000000e-01	1.553491e+00	2.000000e+00	1.888566e+00	0.000000e+00	1	3.301216e-03
5.972648e+02	2.058580e+02	-6.478575e+00	8.000077e-01	1.543338e+00	2.000000e+00	1.889936e+00	0.000000e+00	1	3.297347e-03
5.775165e+02	2.043363e+02	-6.354576e+00	8.000161e-01	1.527166e+00	2.000000e+00	1.891037e+00	0.000000e+00	1	3.293738e-03
3.525871e+02	1.764974e+02	-5.208721e+00	8.000065e-01	1.334331e+00	1.999999e+00	1.950957e+00	0.000000e+00	1	3.293069e-03
4.758330e+02	1.859774e+02	-5.818022e+00	8.000016e-01	1.452681e+00	1.998630e+00	1.903380e+00	0.000000e+00	1	3.278204e-03
6.456308e+01	5.312499e+02	-4.845763e-01	8.027991e-01	8.024759e-01	1.655965e+00	1.179817e+00	0.000000e+00	1	3.264901e-03
1.763439e+02	2.478656e+02	-3.244291e+00	8.000039e-01	1.040152e+00	1.766707e+00	1.740721e+00	0.000000e+00	1	3.264380e-03
1.339102e+02	2.782838e+02	-2.613873e+00	8.000000e-01	9.393343e-01	1.701904e+00	1.671762e+00	0.000000e+00	1	3.255888e-03
7.645347e+02	4.384446e+02	-7.337566e+00	8.001126e-01	1.639114e+00	1.999997e+00	1.885437e+00	0.000000e+00	1	3.255334e-03
6.545274e+02	2.153598e+02	-6.855761e+00	8.000000e-01	1.587993e+00	1.999999e+00	1.887012e+00	0.000000e+00	1	3.220030e-03
4.295288e+02	1.886683e+02	-5.527138e+00	8.000028e-01	1.403201e+00	1.999996e+00	1.920220e+00	0.000000e+00	1	3.219500e-03
3.193444e+02	1.818545e+02	-5.075201e+00	8.000001e-01	1.292522e+00	1.999640e+00	1.979186e+00	0.000000e+00	1	3.218031e-03
1.876519e+02	2.272469e+02	-3.430933e+00	8.000213e-01	1.066332e+00	1.843929e+00	1.820917e+00	0.000000e+00	1	3.217523e-03
7.667689e+02	4.771585e+02	-7.344957e+00	8.000017e-01	1.639907e+00	1.999968e+00	1.885555e+00	0.000000e+00	1	3.206561e-03
1.415517e+02	2.915591e+02	-2.844431e+00	1.893371e+00	9.551817e-01	1.999997e+00	1.765897e+00	0.000000e+00	1	3.203994e-03
4.694114e+02	1.866773e+02	-5.761033e+00	8.000001e-01	1.445450e+00	1.998630e+00	1.903380e+00	0.000000e+00	1	3.201551e-03
1.729431e+02	2.581045e+02	-3.207161e+00	8.000030e-01	1.032002e+00	1.776841e+00	1.753415e+00	0.000000e+00	1	3.193306e-03
1.153471e+02	3.843533e+02	-2.565092e+00	1.798226e+00	9.037627e-01	1.999995e+00	1.786317e+00	0.000000e+00	1	3.189775e-03
1.788824e+02	2.408019e+02	-3.309645e+00	8.000005e-01	1.048301e+00	1.764185e+00	1.740721e+00	0.000000e+00	1	3.186105e-03
7.903837e+02	7.513297e+02	-7.391401e+00	8.062341e-01	1.646973e+00	2.000000e+00	1.883073e+00	0.000000e+00	1	3.185915e-03
7.728632e+02	6.322619e+02	-7.361761e+00	8.000000e-01	1.641566e+00	2.000000e+00	1.885520e+00	0.000000e+00	1	3.182749e-03
2.674754e+02	1.836647e+02	-4.523140e+00	8.005369e-01	1.219429e+00	1.999995e+00	1.979300e+00	0.000000e+00	1	3.182546e-03
7.956091e+02	9.882690e+02	-7.421233e+00	8.025484e-01	1.648399e+00	1.999979e+00	1.885443e+00	0.000000e+00	1	3.177376e-03
8.341194e+01	3.453682e+02	-2.079155e+00	1.798226e+00	8.145113e-01	1.999910e+00	1.785293e+00	0.000000e+00	1	3.175060e-03
8.693989e+01	3.101715e+02	-2.142430e+00	1.669236e+00	8.282645e-01	1.998520e+00	1.813195e+00	0.000000e+00	1	3.167980e-03
1.011328e+02	2.685725e+02	-2.406430e+00	1.739434e+00	8.755595e-01	2.000000e+00	1.801129e+00	0.000000e+00	1	3.158708e-03
2.209182e+02	2.466558e+02	-3.834441e+00	8.000000e-01	1.125823e+00	1.840147e+00	1.817698e+00	0.000000e+00	1	3.157601e-03
1.876510e+02	2.272474e+02	-3.430935e+00	8.000967e-01	1.066332e+00	1.843929e+00	1.820917e+00	0.000000e+00	1	3.144314e-03
3.479730e+02	1.771100e+02	-5.186914e+00	8.000000e-01	1.328342e+00	2.000000e+00	1.955675e+00	0.000000e+00	1	3.142375e-03
7.823860e+02	9.595088e+02	-7.374864e+00	8.000007e-01	1.642935e+00	2.000000e+00	1.885602e+00	0.000000e+00	1	3.140618e-03
7.963159e+02	1.039298e+03	-7.424933e+00	8.019946e-01	1.648485e+00	1.999953e+00	1.885326e+00	0.000000e+00	1	3.129422e-03
9.450139e+01	2.841510e+02	-2.292678e+00	1.739434e+00	8.543588e-01	1.999980e+00	1.800880e+00	0.000000e+00	1	3.129170e-03
7.965424e+02	1.052164e+03	-7.425192e+00	8.019946e-01	1.648485e+00	1.999984e+00	1.885326e+00	0.000000e+00	1	3.121483e-03
1.929602e+02	2.188126e+02	-3.528959e+00	8.000009e-01	1.080855e+00	1.840627e+00	1.817992e+00	0.000000e+00	1	3.115919e-03
5.039743e+02	1.852598e+02	-6.005920e+00	8.000104e-01	1.481093e+00	1.999999e+00	1.899636e+00	0.000000e+00	1	3.115284e-03
1.454254e+02	2.437246e+02	-2.875301e+00	8.000000e-01	9.792055e-01	1.701679e+00	1.676942e+00	0.000000e+00	1	3.107582e-03
5.570183e+01	6.826814e+02	-2.827109e-01	1.106581e+00	8.124556e-01	1.907351e+00	1.280451e+00	0.000000e+00	1	3.106611e-03
6.167324e+02	2.082062e+02	-6.617198e+00	8.000000e-01	1.559651e+00	2.000000e+00	1.887621e+00	0.000000e+00	1	3.089329e-03
4.464767e+02	1.872038e+02	-5.631056e+00	8.000001e-01	1.421736e+00	2.000000e+00	1.913943e+00	0.000000e+00	1	3.085147e-03
2.959618e+02	1.980544e+02	-4.760031e+00	8.074555e-01	1.250896e+00	1.999969e+00	1.979187e+00	0.000000e+00	1	3.061969e-03
2.183352e+02	1.986248e+02	-3.789651e+00	8.000088e-01	1.132764e+00	1.892994e+00	1.856084e+00	0.000000e+00	1	3.061823e-03
9.146873e+01	2.933439e+02	-2.238555e+00	1.739434e+00	8.442317e-01	1.999997e+00	1.800880e+00	0.000000e+00	1	3.056614e-03
8.171328e+01	3.576132e+02	-2.049998e+00	1.699493e+00	8.095635e-01	1.999987e+00	1.808539e+00	0.000000e+00	1	3.054607e-03
7.811672e+02	9.152379e+02	-7.373869e+00	8.000000e-01	1.642808e+00	1.999999e+00	1.885568e+00	0.000000e+00	1	3.042391e-03
7.154569e+02	2.562031e+02	-7.072016e+00	8.000414e-01	1.611098e+00	1.999998e+00	1.885433e+00	0.000000e+00	1	3.030891e-03
8.184085e+01	3.474405e+02	-2.066400e+00	1.687421e+00	8.111264e-01	1.999986e+00	1.813195e+00	0.000000e+00	1	3.020252e-03
7.994097e+02	1.173459e+03	-7.434647e+00	8.000494e-01	1.649192e+00	1.999961e+00	1.885476e+00	0.000000e+00	1	3.018690e-03
8.743126e+01	3.037609e+02	-2.171973e+00	1.665907e+00	8.315219e-01	1.995408e+00	1.813195e+00	0.000000e+00	1	3.017145e-03
6.461482e+02	2.137851e+02	-6.804239e+00	8.000520e-01	1.582079e+00	1.999907e+00	1.885511e+00	0.000000e+00	1	3.010949e-03
7.423673e+02	2.886384e+02	-7.225543e+00	8.000000e-01	1.627627e+00	2.000000e+00	1.885595e+00	0.000000e+00	1	3.009940e-03
7.956728e+01	4.963876e+02	-2.014575e+00	1.692672e+00	8.018514e-01	1.999925e+00	1.813195e+00	0.000000e+00	1	2.998648e-03
7.951957e+02	9.356783e+02	-7.416284e+00	8.025748e-01	1.648485e+00	1.999953e+00	1.885326e+00	0.000000e+00	1	2.993796e-03
1.191456e+02	3.468126e+02	-2.595768e+00	1.851646e+00	9.096428e-01	1.999997e+00	1.772067e+00	0.000000e+00	1	2.968805e-03
1.901132e+02	2.243657e+02	-3.472679e+00	8.000039e-01	1.075452e+00	1.766707e+00	1.740721e+00	0.000000e+00	1	2.959691e-03
2.307237e+02	2.203351e+02	-3.964685e+00	8.061047e-01	1.144738e+00	1.892869e+00	1.870026e+00	0.000000e+00	1	2.957658e-03
1.347463e+02	2.712413e+02	-2.675286e+00	8.000000e-01	9.451746e-01	1.705347e+00	1.680775e+00	0.000000e+00	1	2.945961e-03
6.165450e+01	5.428599e+02	-5.025180e-01	8.000000e-01	8.000000e-01	1.505207e+00	1.030224e+00	0.000000e+00	1	2.941896e-03
1.362914e+02	2.994912e+02	-2.779374e+00	1.883589e+00	9.449102e-01	1.999998e+00	1.759470e+00	0.000000e+00	1	2.929455e-03
6.445688e+01	5.368419e+02	-4.795744e-01	8.014694e-01	8.006835e-01	1.655965e+00	1.179790e+00	0.000000e+00	1	2.928691e-03
7.915653e+02	7.570956e+02	-7.392926e+00	8.062402e-01	1.647251e+00	2.000000e+00	1.884354e+00	0.000000e+00	1	2.921248e-03
7.671979e+02	4.854716e+02	-7.346728e+00	8.000000e-01	1.640075e+00	2.000000e+00	1.885575e+00	0.000000e+00	1	2.896379e-03
2.013646e+02	2.082021e+02	-3.673927e+00	8.000001e-01	1.102452e+00	1.840147e+00	1.817698e+00	0.000000e+00	1	2.895323e-03
7.987610e+02	1.122099e+03	-7.431084e+00	8.002229e-01	1.649206e+00	1.999961e+00	1.885476e+00	0.000000e+00	1	2.893390e-03
1.174923e+02	2.506953e+02	-2.471660e+00	8.000001e-01	9.093676e-01	1.702076e+00	1.677084e+00	0.000000e+00	1	2.892306e-03
6.442713e+02	2.133480e+02	-6.790619e+00	8.000000e-01	1.580654e+00	2.000000e+00	1.885547e+00	0.000000e+00	1	2.891163e-03
1.024903e+02	2.704595e+02	-2.414176e+00	1.775663e+00	8.776899e-01	1.999965e+00	1.790900e+00	0.000000e+00	1	2.888340e-03
1.574880e+02	2.242514e+02	-3.085591e+00	8.002983e-01	1.014608e+00	1.701565e+00	1.675870e+00	0.000000e+00	1	2.883628e-03
4.074514e+02	1.918996e+02	-5.384281e+00	8.000000e-01	1.377936e+00	2.000000e+00	1.927942e+00	0.000000e+00	1	2.878421e-03
9.450139e+01	2.841510e+02	-2.292678e+00	1.739434e+00	8.543588e-01	1.999980e+00	1.800880e+00	0.000000e+00	1	2.877938e-03
7.971098e+02	1.066959e+03	-7.427433e+00	8.010545e-01	1.648855e+00	2.000000e+00	1.885052e+00	0.000000e+00	1	2.874676e-03
7.664713e+02	4.733344e+02	-7.344867e+00	8.000543e-01	1.639834e+00	2.000000e+00	1.885485e+00	0.000000e+00	1	2.870376e-03
3.213192e+02	1.815589e+02	-5.079995e+00	8.000000e-01	1.294733e+00	2.000000e+00	1.978932e+00	0.000000e+00	1	2.868991e-03
7.799651e+02	8.711288e+02	-7.372352e+00	8.000008e-01	1.642668e+00	2.000000e+00	1.885524e+00	0.000000e+00	1	2.860026e-03
7.992287e+02	1.157390e+03	-7.433718e+00	8.002113e-01	1.649185e+00	1.999980e+00	1.885574e+00	0.000000e+00	1	2.848135e-03
6.354060e+02	2.118238e+02	-6.724715e+00	8.004374e-01	1.573573e+00	1.999904e+00	1.885333e+00	0.000000e+00	1	2.847750e-03
3.720151e+02	1.742882e+02	-5.309223e+00	8.000000e-01	1.358503e+00	2.000000e+00	1.938852e+00	0.000000e+00	1	2.843600e-03
7.750541e+02	6.997549e+02	-7.365747e+00	8.000000e-01	1.641979e+00	1.999999e+00	1.885554e+00	0.000000e+00	1	2.829812e-03
7.476209e+02	3.030519e+02	-7.256201e+00	8.000207e-01	1.630730e+00	1.999996e+00	1.885474e+00	0.000000e+00	1	2.822059e-03
8.527610e+01	3.162304e+02	-2.130550e+00	1.687421e+00	8.236228e-01	1.999990e+00	1.813195e+00	0.000000e+00	1	2.820381e-03
4.903270e+02	1.852180e+02	-5.924423e+00	8.000000e-01	1.468200e+00	1.999998e+00	1.901035e+00	0.000000e+00	1	2.817267e-03
2.817479e+02	2.289822e+02	-4.550462e+00	8.069576e-01	1.223482e+00	2.000000e+00	1.979257e+00	0.000000e+00	1	2.814660e-03
3.147855e+02	1.835097e+02	-5.037091e+00	8.013425e-01	1.285969e+00	1.999969e+00	1.979186e+00	0.000000e+00	1	2.812087e-03
7.997394e+02	1.190979e+03	-7.435614e+00	8.000056e-01	1.649206e+00	1.999968e+00	1.885546e+00	0.000000e+00	1	2.811367e-03
4.229143e+02	1.895844e+02	-5.479308e+00	8.000028e-01	1.395197e+00	2.000000e+00	1.924322e+00	0.000000e+00	1	2.808753e-03
6.320286e+02	2.105548e+02	-6.703345e+00	8.000245e-01	1.570782e+00	1.999997e+00	1.888238e+00	0.000000e+00	1	2.795538e-03
5.548199e+02	2.037186e+02	-6.200334e+00	8.000096e-01	1.507181e+00	2.000000e+00	1.893577e+00	0.000000e+00	1	2.785910e-03
7.883781e+02	8.206601e+02	-7.397267e+00	8.001089e-01	1.645851e+00	1.996465e+00	1.881784e+00	0.000000e+00	1	2.782504e-03
1.104875e+02	2.585481e+02	-2.544689e+00	1.795879e+00	9.005977e-01	1.999999e+00	1.786424e+00	0.000000e+00	1	2.779262e-03
7.702600e+02	5.590957e+02	-7.355067e+00	8.000000e-01	1.640947e+00	2.000000e+00	1.885437e+00	0.000000e+00	1	2.774092e-03
5.691958e+02	2.040271e+02	-6.288400e+00	8.000597e-01	1.519345e+00	1.999995e+00	1.892866e+00	0.000000e+00	1	2.771841e-03
4.569040e+02	1.865728e+02	-5.694093e+00	8.000016e-01	1.432718e+00	1.999999e+00	1.910959e+00	0.000000e+00	1	2.768481e-03
7.800294e+02	8.734460e+02	-7.372370e+00	8.000000e-01	1.642675e+00	2.000000e+00	1.885519e+00	0.000000e+00	1	2.767516e-03
7.657494e+02	4.595705e+02	-7.342139e+00	8.000543e-01	1.639567e+00	1.999980e+00	1.885476e+00	0.000000e+00	1	2.759477e-03
9.888822e+01	2.809215e+02	-2.343828e+00	1.795588e+00	8.652561e-01	1.999997e+00	1.785477e+00	0.000000e+00	1	2.756117e-03
7.728719e+02	6.326648e+02	-7.361787e+00	8.000000e-01	1.641566e+00	1.999997e+00	1.885520e+00	0.000000e+00	1	2.754415e-03
5.666886e+02	2.040543e+02	-6.254006e+00	8.000002e-01	1.516098e+00	2.000000e+00	1.894834e+00	0.000000e+00	1	2.741638e-03
6.208880e+02	2.088293e+02	-6.644536e+00	8.000000e-01	1.562934e+00	2.000000e+00	1.887339e+00	0.000000e+00	1	2.740546e-03
7.974476e+02	1.088866e+03	-7.429686e+00	8.012208e-01	1.648791e+00	1.999969e+00	1.885441e+00	0.000000e+00	1	2.739636e-03
4.842913e+02	1.854478e+02	-5.879414e+00	8.001063e-01	1.461845e+00	1.999992e+00	1.902170e+00	0.000000e+00	1	2.736733e-03
2.079002e+02	2.012942e+02	-3.784074e+00	8.012554e-01	1.118678e+00	1.840147e+00	1.817698e+00	0.000000e+00	1	2.733940e-03
1.093238e+02	2.587383e+02	-2.533502e+00	1.787185e+00	8.980891e-01	1.999981e+00	1.789328e+00	0.000000e+00	1	2.728837e-03
7.898339e+01	5.971910e+02	-2.012650e+00	1.687421e+00	8.005090e-01	1.999986e+00	1.813195e+00	0.000000e+00	1	2.728702e-03
2.467011e+02	2.015196e+02	-4.222209e+00	8.000596e-01	1.180056e+00	1.891423e+00	1.869333e+00	0.000000e+00	1	2.727209e-03
1.226180e+02	3.201585e+02	-2.650562e+00	1.850581e+00	9.186006e-01	1.999993e+00	1.773001e+00	0.000000e+00	1	2.726107e-03
2.878751e+02	2.093395e+02	-4.589503e+00	8.000414e-01	1.232667e+00	2.000000e+00	1.974601e+00	0.000000e+00	1	2.725951e-03
5.867163e+02	2.067946e+02	-6.397410e+00	8.000654e-01	1.533459e+00	1.995463e+00	1.885333e+00	0.000000e+00	1	2.722991e-03
7.084233e+02	2.393861e+02	-7.068577e+00	8.002300e-01	1.621141e+00	2.000000e+00	1.874662e+00	0.000000e+00	1	2.722164e-03
1.285986e+02	3.018436e+02	-2.727820e+00	1.851646e+00	9.324769e-01	1.999997e+00	1.772067e+00	0.000000e+00	1	2.721341e-03
2.900076e+02	2.043668e+02	-4.677241e+00	8.003452e-01	1.239757e+00	2.000000e+00	1.979545e+00	0.000000e+00	1	2.720899e-03
5.154116e+02	1.854713e+02	-6.072866e+00	8.000006e-01	1.491554e+00	1.999999e+00	1.898797e+00	0.000000e+00	1	2.718826e-03
1.563748e+02	2.255622e+02	-3.070450e+00	8.000002e-01	1.011553e+00	1.701822e+00	1.677738e+00	0.000000e+00	1	2.716370e-03
8.979690e+01	2.955784e+02	-2.212875e+00	1.694152e+00	8.394459e-01	1.999998e+00	1.811945e+00	0.000000e+00	1	2.714618e-03
7.638152e+02	4.250873e+02	-7.335200e+00	8.000000e-01	1.638873e+00	2.000000e+00	1.885534e+00	0.000000e+00	1	2.713444e-03
7.906479e+02	7.814309e+02	-7.397950e+00	8.063546e-01	1.646958e+00	2.000000e+00	1.883911e+00	0.000000e+00	1	2.701887e-03
1.322508e+02	2.812987e+02	-2.625996e+00	8.000000e-01	9.370439e-01	1.702201e+00	1.676942e+00	0.000000e+00	1	2.700078e-03
1.811457e+02	2.365113e+02	-3.346649e+00	8.001416e-01	1.054200e+00	1.762252e+00	1.738343e+00	0.000000e+00	1	2.689130e-03
5.711718e+02	2.040561e+02	-6.311940e+00	8.000608e-01	1.521677e+00	1.999955e+00	1.891628e+00	0.000000e+00	1	2.684369e-03
4.625720e+02	1.863616e+02	-5.724784e+00	8.000000e-01	1.438323e+00	1.999999e+00	1.909986e+00	0.000000e+00	1	2.682670e-03
3.666084e+02	1.750482e+02	-5.273299e+00	8.000000e-01	1.351188e+00	1.999900e+00	1.943424e+00	0.000000e+00	1	2.680519e-03
7.979599e+02	1.058118e+03	-7.425800e+00	8.002464e-01	1.649279e+00	1.999983e+00	1.885165e+00	0.000000e+00	1	2.672870e-03
2.145088e+02	1.986530e+02	-3.799268e+00	8.000017e-01	1.127321e+00	1.898762e+00	1.869167e+00	0.000000e+00	1	2.672007e-03
4.963653e+02	1.852488e+02	-5.962459e+00	8.000001e-01	1.474189e+00	2.000000e+00	1.899413e+00	0.000000e+00	1	2.662454e-03
7.883823e+02	8.241608e+02	-7.397803e+00	8.000779e-01	1.645851e+00	1.996465e+00	1.881784e+00	0.000000e+00	1	2.660228e-03
8.001137e+02	1.205152e+03	-7.436792e+00	8.000169e-01	1.649248e+00	1.999995e+00	1.885740e+00	0.000000e+00	1	2.659204e-03
7.750157e+02	6.978295e+02	-7.365583e+00	8.000000e-01	1.641973e+00	2.000000e+00	1.885568e+00	0.000000e+00	1	2.654140e-03
7.782889e+02	8.105035e+02	-7.370343e+00	8.000000e-01	1.642461e+00	2.000000e+00	1.885521e+00	0.000000e+00	1	2.650871e-03
7.655596e+02	4.544278e+02	-7.341626e+00	8.000000e-01	1.639528e+00	2.000000e+00	1.885537e+00	0.000000e+00	1	2.646382e-03
7.687046e+02	5.207581e+02	-7.351132e+00	8.000000e-01	1.640530e+00	2.000000e+00	1.885443e+00	0.000000e+00	1	2.642114e-03
7.971965e+02	1.060373e+03	-7.427233e+00	8.012122e-01	1.648863e+00	1.999999e+00	1.885338e+00	0.000000e+00	1	2.639532e-03
6.566696e+02	2.161967e+02	-6.877423e+00	8.000295e-01	1.590042e+00	1.999999e+00	1.885575e+00	0.000000e+00	1	2.638795e-03
4.557512e+02	1.867751e+02	-5.685172e+00	8.000001e-01	1.431620e+00	1.999961e+00	1.909743e+00	0.000000e+00	1	2.626853e-03
4.635011e+02	1.862914e+02	-5.732074e+00	8.000000e-01	1.439397e+00	1.999999e+00	1.909558e+00	0.000000e+00	1	2.621349e-03
7.897644e+01	6.124765e+02	-2.012078e+00	1.687230e+00	8.004490e-01	2.000000e+00	1.813195e+00	0.000000e+00	1	2.615974e-03
1.297691e+02	2.471419e+02	-2.456426e+00	8.000005e-01	9.351759e-01	1.701904e+00	1.645200e+00	0.000000e+00	1	2.614534e-03
7.329497e+01	4.306042e+02	-7.831611e-01	8.000042e-01	8.006755e-01	1.498011e+00	1.127787e+00	0.000000e+00	1	2.604697e-03
4.867574e+02	1.855788e+02	-5.889412e+00	8.000000e-01	1.464112e+00	1.999998e+00	1.901035e+00	0.000000e+00	1	2.600361e-03
9.648105e+01	2.789386e+02	-2.327528e+00	1.739434e+00	8.608435e-01	1.999997e+00	1.800880e+00	0.000000e+00	1	2.592978e-03
7.992873e+02	1.170134e+03	-7.433736e+00	8.002172e-01	1.649126e+00	1.999980e+00	1.885437e+00	0.000000e+00	1	2.591148e-03
7.911824e+01	5.904690e+02	-2.012729e+00	1.692261e+00	8.007771e-01	1.999988e+00	1.812580e+00	0.000000e+00	1	2.590438e-03
2.639505e+02	1.866007e+02	-4.462587e+00	8.000005e-01	1.211589e+00	2.000000e+00	1.979057e+00	0.000000e+00	1	2.585463e-03
4.963653e+02	1.852488e+02	-5.962459e+00	8.000001e-01	1.474189e+00	2.000000e+00	1.899413e+00	0.000000e+00	1	2.583331e-03
7.545156e+02	3.326818e+02	-7.292111e+00	8.000000e-01	1.634491e+00	1.999998e+00	1.885552e+00	0.000000e+00	1	2.578766e-03
2.862756e+02	2.100276e+02	-4.624099e+00	8.000414e-01	1.232667e+00	2.000000e+00	1.979418e+00	0.000000e+00	1	2.577496e-03
7.373626e+02	2.795097e+02	-7.193430e+00	8.002229e-01	1.624412e+00	1.999812e+00	1.885476e+00	0.000000e+00	1	2.564290e-03
5.041554e+02	1.851602e+02	-6.015996e+00	8.000040e-01	1.481857e+00	2.000000e+00	1.898697e+00	0.000000e+00	1	2.559517e-03
2.074232e+02	2.035505e+02	-3.746981e+00	8.011718e-01	1.115204e+00	1.840147e+00	1.819671e+00	0.000000e+00	1	2.559015e-03
2.969210e+02	1.966318e+02	-4.780889e+00	8.000414e-01	1.253102e+00	2.000000e+00	1.979418e+00	0.000000e+00	1	2.552697e-03
7.212143e+02	2.588101e+02	-7.079850e+00	8.000000e-01	1.613551e+00	2.000000e+00	1.887339e+00	0.000000e+00	1	2.548654e-03
7.924283e+02	7.482425e+02	-7.390905e+00	8.061391e-01	1.647496e+00	2.000000e+00	1.884949e+00	0.000000e+00	1	2.544981e-03
2.612726e+02	1.888573e+02	-4.418732e+00	8.000007e-01	1.205707e+00	2.000000e+00	1.979057e+00	0.000000e+00	1	2.544791e-03
7.974973e+02	1.093207e+03	-7.430040e+00	8.012208e-01	1.648791e+00	1.999979e+00	1.885441e+00	0.000000e+00	1	2.544153e-03
5.725148e+02	2.041171e+02	-6.319088e+00	8.000339e-01	1.522731e+00	1.999955e+00	1.891676e+00	0.000000e+00	1	2.541368e-03
7.423673e+02	2.886384e+02	-7.225543e+00	8.000000e-01	1.627627e+00	2.000000e+00	1.885595e+00	0.000000e+00	1	2.541202e-03
7.671178e+02	4.837812e+02	-7.346462e+00	8.000000e-01	1.640049e+00	2.000000e+00	1.885576e+00	0.000000e+00	1	2.538953e-03
6.629976e+02	2.178068e+02	-6.923205e+00	8.000000e-01	1.594792e+00	2.000000e+00	1.885853e+00	0.000000e+00	1	2.532223e-03
8.573831e+01	3.147576e+02	-2.135237e+00	1.694152e+00	8.249511e-01	1.999998e+00	1.811167e+00	0.000000e+00	1	2.529915e-03
2.992200e+02	1.947408e+02	-4.811788e+00	8.003507e-01	1.257249e+00	2.000000e+00	1.979613e+00	0.000000e+00	1	2.529046e-03
7.722679e+02	6.141993e+02	-7.360512e+00	8.000001e-01	1.641441e+00	2.000000e+00	1.885543e+00	0.000000e+00	1	2.528241e-03
4.666897e+02	1.862839e+02	-5.744194e+00	8.000001e-01	1.442147e+00	1.999991e+00	1.909686e+00	0.000000e+00	1	2.524637e-03
7.893793e+01	6.526249e+02	-2.011786e+00	1.687421e+00	8.003380e-01	1.999987e+00	1.813195e+00	0.000000e+00	1	2.514978e-03
6.508837e+01	5.137483e+02	-5.009480e-01	8.703377e-01	8.000000e-01	1.699638e+00	1.223896e+00	0.000000e+00	1	2.511138e-03
1.462393e+02	2.430606e+02	-2.878676e+00	8.000000e-01	9.809166e-01	1.701680e+00	1.675686e+00	0.000000e+00	1	2.511006e-03
2.300349e+02	2.222501e+02	-3.950366e+00	8.168634e-01	1.142967e+00	1.892994e+00	1.870533e+00	0.000000e+00	1	2.510632e-03
7.453872e+02	2.965388e+02	-7.244579e+00	8.000000e-01	1.629483e+00	2.000000e+00	1.885440e+00	0.000000e+00	1	2.507668e-03
6.581661e+02	2.165816e+02	-6.887440e+00	8.000002e-01	1.591149e+00	2.000000e+00	1.885551e+00	0.000000e+00	1	2.507037e-03
7.582478e+02	3.596878e+02	-7.311026e+00	8.000000e-01	1.636403e+00	1.999998e+00	1.885521e+00	0.000000e+00	1	2.498782e-03
6.619435e+02	2.175885e+02	-6.913554e+00	8.000000e-01	1.593944e+00	2.000000e+00	1.885575e+00	0.000000e+00	1	2.494298e-03
1.610314e+02	2.187542e+02	-3.135328e+00	8.000030e-01	1.021682e+00	1.776317e+00	1.751619e+00	0.000000e+00	1	2.493113e-03
1.784575e+02	2.429880e+02	-3.280799e+00	8.000003e-01	1.045777e+00	1.766558e+00	1.740681e+00	0.000000e+00	1	2.491841e-03
3.590725e+02	1.762064e+02	-5.224491e+00	8.000123e-01	1.340848e+00	2.000000e+00	1.950957e+00	0.000000e+00	1	2.490446e-03
4.833508e+02	1.858366e+02	-5.860924e+00	8.000401e-01	1.460365e+00	1.999833e+00	1.901299e+00	0.000000e+00	1	2.489736e-03
7.249664e+02	2.619009e+02	-7.101927e+00	8.000000e-01	1.615928e+00	2.000000e+00	1.887317e+00	0.000000e+00	1	2.479698e-03
6.754050e+02	2.217456e+02	-7.003384e+00	8.000000e-01	1.603619e+00	2.000000e+00	1.885575e+00	0.000000e+00	1	2.479559e-03
8.710258e+01	3.053114e+02	-2.165844e+00	1.665907e+00	8.303478e-01	1.995408e+00	1.813195e+00	0.000000e+00	1	2.471157e-03
1.165888e+02	2.531707e+02	-2.452526e+00	8.000001e-01	9.059061e-01	1.702076e+00	1.677084e+00	0.000000e+00	1	2.461291e-03
5.570183e+01	6.826814e+02	-2.827109e-01	1.106581e+00	8.124556e-01	1.907351e+00	1.280451e+00	0.000000e+00	1	2.459559e-03
3.025625e+02	1.923686e+02	-4.847881e+00	8.000000e-01	1.262915e+00	1.999998e+00	1.978167e+00	0.000000e+00	1	2.456512e-03
6.194910e+02	2.085540e+02	-6.628633e+00	8.000235e-01	1.561432e+00	1.999997e+00	1.888238e+00	0.000000e+00	1	2.450394e-03
2.821084e+02	2.230546e+02	-4.560404e+00	8.000000e-01	1.224411e+00	2.000000e+00	1.979265e+00	0.000000e+00	1	2.448308e-03
2.552393e+02	1.939014e+02	-4.355041e+00	8.002463e-01	1.197814e+00	1.905685e+00	1.883996e+00	0.000000e+00	1	2.442128e-03
5.573803e+02	2.036957e+02	-6.215213e+00	8.000003e-01	1.509280e+00	2.000000e+00	1.893859e+00	0.000000e+00	1	2.437624e-03
7.571065e+02	3.504653e+02	-7.305634e+00	8.000004e-01	1.635844e+00	1.999999e+00	1.885513e+00	0.000000e+00	1	2.434307e-03
1.796046e+02	2.405500e+02	-3.301904e+00	8.001030e-01	1.048898e+00	1.766340e+00	1.740650e+00	0.000000e+00	1	2.429949e-03
7.947458e+02	7.069557e+02	-7.379669e+00	8.051169e-01	1.648291e+00	1.999903e+00	1.885477e+00	0.000000e+00	1	2.423924e-03
8.001417e+02	1.207144e+03	-7.436914e+00	8.000104e-01	1.649247e+00	1.999995e+00	1.885740e+00	0.000000e+00	1	2.420553e-03
2.625617e+02	1.885806e+02	-4.467349e+00	8.000003e-01	1.212932e+00	1.905685e+00	1.883996e+00	0.000000e+00	1	2.417989e-03
1.360840e+02	2.663760e+02	-2.702539e+00	8.000054e-01	9.499224e-01	1.700090e+00	1.675430e+00	0.000000e+00	1	2.416204e-03
4.464767e+02	1.872038e+02	-5.631056e+00	8.000001e-01	1.421736e+00	2.000000e+00	1.913943e+00	0.000000e+00	1	2.413419e-03
7.274253e+02	2.662793e+02	-7.141336e+00	8.000001e-01	1.618630e+00	2.000000e+00	1.885492e+00	0.000000e+00	1	2.410882e-03
5.666886e+02	2.040543e+02	-6.254006e+00	8.000002e-01	1.516098e+00	2.000000e+00	1.894834e+00	0.000000e+00	1	2.410777e-03
7.636226e+02	4.225755e+02	-7.334671e+00	8.000004e-01	1.638803e+00	1.999999e+00	1.885513e+00	0.000000e+00	1	2.408859e-03
6.338162e+02	2.123952e+02	-6.706910e+00	8.049752e-01	1.571456e+00	2.000000e+00	1.885554e+00	0.000000e+00	1	2.406288e-03
7.743159e+02	6.759539e+02	-7.364452e+00	8.000000e-01	1.641849e+00	2.000000e+00	1.885556e+00	0.000000e+00	1	2.404442e-03
2.030695e+02	2.065430e+02	-3.699128e+00	8.000015e-01	1.106430e+00	1.840147e+00	1.817980e+00	0.000000e+00	1	2.397164e-03
7.954161e+02	9.756695e+02	-7.420675e+00	8.025020e-01	1.648443e+00	1.999999e+00	1.885307e+00	0.000000e+00	1	2.397049e-03
7.772878e+02	7.707842e+02	-7.368589e+00	8.000007e-01	1.642330e+00	2.000000e+00	1.885634e+00	0.000000e+00	1	2.396830e-03
1.433555e+02	2.479870e+02	-2.837199e+00	8.000000e-01	9.728147e-01	1.701679e+00	1.676942e+00	0.000000e+00	1	2.394114e-03
2.208897e+02	2.742843e+02	-3.811060e+00	8.173682e-01	1.122702e+00	1.892869e+00	1.870026e+00	0.000000e+00	1	2.393519e-03
4.407338e+02	1.877599e+02	-5.592825e+00	8.000008e-01	1.415482e+00	2.000000e+00	1.915102e+00	0.000000e+00	1	2.391189e-03
7.675748e+02	4.934122e+02	-7.347890e+00	8.000000e-01	1.640195e+00	2.000000e+00	1.885577e+00	0.000000e+00	1	2.388486e-03
1.615345e+02	2.186176e+02	-3.135413e+00	8.000030e-01	1.022556e+00	1.777102e+00	1.751469e+00	0.000000e+00	1	2.383201e-03
7.963297e+02	1.013860e+03	-7.423626e+00	8.017581e-01	1.648691e+00	1.999982e+00	1.885331e+00	0.000000e+00	1	2.377181e-03
1.287970e+02	3.013695e+02	-2.730526e+00	1.851646e+00	9.329415e-01	2.000000e+00	1.772067e+00	0.000000e+00	1	2.362925e-03
4.089364e+02	1.910883e+02	-5.409467e+00	8.001133e-01	1.380324e+00	1.999973e+00	1.928991e+00	0.000000e+00	1	2.359448e-03
9.057352e+01	2.926619e+02	-2.227048e+00	1.692261e+00	8.421842e-01	1.999997e+00	1.811945e+00	0.000000e+00	1	2.356572e-03
2.563612e+02	1.932758e+02	-4.338966e+00	8.000007e-01	1.194795e+00	1.999999e+00	1.979568e+00	0.000000e+00	1	2.354384e-03
6.405278e+02	2.121841e+02	-6.761389e+00	8.000002e-01	1.577393e+00	1.999982e+00	1.887696e+00	0.000000e+00	1	2.346236e-03
3.014652e+02	1.934023e+02	-4.834721e+00	8.000188e-01	1.260785e+00	1.999999e+00	1.980247e+00	0.000000e+00	1	2.327069e-03
7.540506e+02	3.294641e+02	-7.288778e+00	8.000001e-01	1.634207e+00	2.000000e+00	1.885624e+00	0.000000e+00	1	2.318158e-03
5.188172e+02	1.854956e+02	-6.115955e+00	8.000024e-01	1.496325e+00	1.999997e+00	1.894828e+00	0.000000e+00	1	2.316638e-03
9.892841e+01	2.794282e+02	-2.356265e+00	1.798226e+00	8.661100e-01	2.000000e+00	1.786424e+00	0.000000e+00	1	2.312453e-03
7.352366e+02	2.758531e+02	-7.185253e+00	8.000000e-01	1.623374e+00	2.000000e+00	1.885575e+00	0.000000e+00	1	2.309831e-03
6.810533e+02	2.237911e+02	-7.038958e+00	8.000001e-01	1.607522e+00	1.999998e+00	1.885519e+00	0.000000e+00	1	2.308154e-03
1.534192e+02	2.300775e+02	-3.016629e+00	8.000000e-01	1.002850e+00	1.701822e+00	1.677738e+00	0.000000e+00	1	2.307862e-03
7.229897e+02	2.619257e+02	-7.114415e+00	8.000000e-01	1.615805e+00	2.000000e+00	1.885574e+00	0.000000e+00	1	2.306540e-03
1.661223e+02	2.172454e+02	-3.139984e+00	8.021112e-01	1.030704e+00	1.785351e+00	1.751649e+00	0.000000e+00	1	2.305285e-03
5.861499e+02	2.054446e+02	-6.393285e+00	8.000000e-01	1.533809e+00	2.000000e+00	1.888590e+00	0.000000e+00	1	2.297498e-03
1.389743e+02	2.582465e+02	-2.756163e+00	8.000000e-01	9.590764e-01	1.701679e+00	1.676942e+00	0.000000e+00	1	2.297353e-03
7.904843e+02	7.762345e+02	-7.397233e+00	8.065779e-01	1.646877e+00	2.000000e+00	1.883911e+00	0.000000e+00	1	2.293482e-03
6.657303e+02	2.185702e+02	-6.937493e+00	8.000409e-01	1.596582e+00	2.000000e+00	1.886014e+00	0.000000e+00	1	2.293430e-03
7.706637e+02	5.703031e+02	-7.356581e+00	8.000530e-01	1.641046e+00	2.000000e+00	1.885520e+00	0.000000e+00	1	2.286825e-03
7.957129e+02	9.913093e+02	-7.421353e+00	8.025484e-01	1.648419e+00	2.000000e+00	1.885476e+00	0.000000e+00	1	2.285609e-03
7.967703e+02	6.730621e+02	-7.367861e+00	8.035399e-01	1.649206e+00	1.999986e+00	1.884704e+00	0.000000e+00	1	2.279786e-03
7.709534e+02	5.780629e+02	-7.357427e+00	8.000000e-01	1.641126e+00	1.999983e+00	1.885520e+00	0.000000e+00	1	2.273662e-03
7.974964e+02	1.078631e+03	-7.428849e+00	8.012331e-01	1.648855e+00	2.000000e+00	1.885519e+00	0.000000e+00	1	2.268972e-03
6.148231e+02	2.078996e+02	-6.605635e+00	8.000001e-01	1.558164e+00	2.000000e+00	1.887884e+00	0.000000e+00	1	2.267466e-03
7.970848e+02	1.071442e+03	-7.428204e+00	8.012124e-01	1.648738e+00	1.999900e+00	1.885325e+00	0.000000e+00	1	2.264231e-03
1.065471e+02	2.632711e+02	-2.487530e+00	1.787185e+00	8.899032e-01	1.999982e+00	1.789328e+00	0.000000e+00	1	2.253251e-03
3.012239e+02	1.822482e+02	-4.499774e+00	8.000188e-01	1.260785e+00	2.000000e+00	1.932322e+00	0.000000e+00	1	2.245851e-03
7.824787e+02	9.656030e+02	-7.374996e+00	8.000007e-01	1.642935e+00	2.000000e+00	1.885534e+00	0.000000e+00	1	2.244818e-03
7.653795e+02	4.507092e+02	-7.340768e+00	8.000000e-01	1.639457e+00	1.999998e+00	1.885555e+00	0.000000e+00	1	2.242430e-03
7.995544e+02	1.180496e+03	-7.435189e+00	8.001038e-01	1.649204e+00	2.000000e+00	1.885533e+00	0.000000e+00	1	2.241612e-03
6.831582e+02	2.246378e+02	-7.050042e+00	8.000110e-01	1.608839e+00	1.999896e+00	1.885513e+00	0.000000e+00	1	2.236970e-03
2.131202e+02	2.005933e+02	-3.799652e+00	8.000009e-01	1.125823e+00	1.835140e+00	1.817714e+00	0.000000e+00	1	2.232966e-03
2.364379e+02	2.121896e+02	-4.059446e+00	8.002248e-01	1.157663e+00	1.892869e+00	1.870537e+00	0.000000e+00	1	2.213026e-03
6.463682e+01	5.139897e+02	-5.018391e-01	8.703377e-01	8.000000e-01	1.682049e+00	1.205590e+00	0.000000e+00	1	2.206033e-03
2.888781e+02	2.057754e+02	-4.661351e+00	8.000014e-01	1.237650e+00	1.999985e+00	1.979300e+00	0.000000e+00	1	2.202617e-03
2.364379e+02	2.121896e+02	-4.059446e+00	8.002248e-01	1.157663e+00	1.892869e+00	1.870537e+00	0.000000e+00	1	2.200820e-03
7.944695e+02	9.558708e+02	-7.418577e+00	8.025831e-01	1.648225e+00	1.999913e+00	1.884681e+00	0.000000e+00	1	2.197235e-03
2.077473e+02	2.022392e+02	-3.754711e+00	8.002099e-01	1.114714e+00	1.892869e+00	1.869822e+00	0.000000e+00	1	2.179746e-03
2.033086e+02	2.060083e+02	-3.707372e+00	8.000000e-01	1.107363e+00	1.840147e+00	1.817698e+00	0.000000e+00	1	2.178806e-03
7.351328e+02	2.758813e+02	-7.186050e+00	8.000000e-01	1.623374e+00	2.000000e+00	1.885475e+00	0.000000e+00	1	2.176839e-03
5.489029e+02	2.036806e+02	-6.161044e+00	8.000024e-01	1.501818e+00	2.000000e+00	1.894828e+00	0.000000e+00	1	2.175749e-03
1.741307e+02	2.530144e+02	-3.229393e+00	8.000005e-01	1.035781e+00	1.764185e+00	1.740721e+00	0.000000e+00	1	2.145293e-03
7.887509e+02	8.523614e+02	-7.401632e+00	8.000765e-01	1.645851e+00	1.996465e+00	1.882256e+00	0.000000e+00	1	2.142239e-03
3.527785e+02	1.764266e+02	-5.211130e+00	8.000123e-01	1.334641e+00	1.999998e+00	1.950944e+00	0.000000e+00	1	2.141361e-03
7.687046e+02	5.207581e+02	-7.351132e+00	8.000000e-01	1.640530e+00	2.000000e+00	1.885443e+00	0.000000e+00	1	2.139516e-03
1.472680e+02	2.401743e+02	-2.909113e+00	8.000000e-01	9.848409e-01	1.701679e+00	1.676942e+00	0.000000e+00	1	2.139269e-03
2.842830e+02	2.166503e+02	-4.584199e+00	8.006983e-01	1.228061e+00	2.000000e+00	1.980020e+00	0.000000e+00	1	2.137595e-03
1.224353e+02	2.480421e+02	-2.490221e+00	8.000001e-01	9.197448e-01	1.694697e+00	1.677084e+00	0.000000e+00	1	2.134581e-03
5.686940e+02	2.040843e+02	-6.290712e+00	8.000597e-01	1.519345e+00	1.999995e+00	1.891598e+00	0.000000e+00	1	2.134236e-03
7.947329e+02	7.081139e+02	-7.379958e+00	8.051047e-01	1.648291e+00	1.999905e+00	1.885477e+00	0.000000e+00	1	2.128284e-03
3.119193e+02	1.857634e+02	-4.987102e+00	8.013436e-01	1.280160e+00	1.999113e+00	1.979186e+00	0.000000e+00	1	2.124264e-03
7.242463e+02	2.631995e+02	-7.123527e+00	8.000001e-01	1.616677e+00	2.000000e+00	1.885443e+00	0.000000e+00	1	2.121830e-03
7.756807e+02	7.196471e+02	-7.366687e+00	8.000000e-01	1.642085e+00	2.000000e+00	1.885568e+00	0.000000e+00	1	2.115198e-03
5.752037e+02	2.042898e+02	-6.336825e+00	8.000234e-01	1.525097e+00	1.999999e+00	1.891037e+00	0.000000e+00	1	2.114277e-03
2.992200e+02	1.947408e+02	-4.811788e+00	8.003507e-01	1.257249e+00	2.000000e+00	1.979613e+00	0.000000e+00	1	2.113565e-03
7.996471e+02	1.181169e+03	-7.435273e+00	8.001038e-01	1.649204e+00	1.999970e+00	1.885660e+00	0.000000e+00	1	2.094254e-03
2.887474e+02	2.070166e+02	-4.630220e+00	8.000000e-01	1.235847e+00	2.000000e+00	1.976907e+00	0.000000e+00	1	2.088831e-03
7.585440e+02	3.633297e+02	-7.313336e+00	8.000168e-01	1.636578e+00	1.999999e+00	1.885437e+00	0.000000e+00	1	2.082202e-03
6.553896e+02	2.155718e+02	-6.860999e+00	8.000000e-01	1.588607e+00	2.000000e+00	1.887014e+00	0.000000e+00	1	2.079926e-03
1.586642e+02	2.236265e+02	-3.078404e+00	8.301853e-01	1.013706e+00	1.776317e+00	1.751619e+00	0.000000e+00	1	2.072903e-03
1.534095e+02	2.303955e+02	-3.010674e+00	8.000523e-01	1.002554e+00	1.702875e+00	1.677065e+00	0.000000e+00	1	2.058614e-03
4.886829e+02	1.852853e+02	-5.912654e+00	8.000408e-01	1.466466e+00	1.999828e+00	1.901299e+00	0.000000e+00	1	2.054669e-03
7.695339e+02	5.411973e+02	-7.353866e+00	8.000375e-01	1.640763e+00	2.000000e+00	1.885516e+00	0.000000e+00	1	2.037434e-03
7.998696e+02	1.197727e+03	-7.436376e+00	8.001038e-01	1.649204e+00	2.000000e+00	1.885660e+00	0.000000e+00	1	2.036041e-03
5.573459e+02	2.037018e+02	-6.215501e+00	8.000501e-01	1.509280e+00	2.000000e+00	1.893783e+00	0.000000e+00	1	2.032890e-03
1.744614e+02	2.519687e+02	-3.234705e+00	8.002273e-01	1.036640e+00	1.764185e+00	1.740721e+00	0.000000e+00	1	2.022708e-03
7.307387e+02	2.698831e+02	-7.159290e+00	8.000016e-01	1.620621e+00	1.999995e+00	1.885573e+00	0.000000e+00	1	2.016370e-03
5.991271e+02	2.060432e+02	-6.489257e+00	8.000077e-01	1.544776e+00	2.000000e+00	1.889936e+00	0.000000e+00	1	2.014602e-03
1.057753e+02	2.659439e+02	-2.471042e+00	1.798226e+00	8.869521e-01	2.000000e+00	1.786424e+00	0.000000e+00	1	2.014281e-03
4.808088e+02	1.854759e+02	-5.857643e+00	8.000339e-01	1.458331e+00	1.999995e+00	1.903177e+00	0.000000e+00	1	2.012496e-03
7.888717e+01	7.594888e+02	-2.011336e+00	1.687421e+00	8.001865e-01	1.999925e+00	1.813195e+00	0.000000e+00	1	2.007662e-03
2.852501e+02	2.131721e+02	-4.574154e+00	8.000408e-01	1.228812e+00	1.999833e+00	1.976366e+00	0.000000e+00	1	1.999697e-03
7.733202e+02	6.463007e+02	-7.362546e+00	8.000247e-01	1.641648e+00	2.000000e+00	1.885520e+00	0.000000e+00	1	1.996718e-03
2.099433e+02	1.998746e+02	-3.791805e+00	8.000022e-01	1.120313e+00	1.891490e+00	1.868234e+00	0.000000e+00	1	1.996555e-03
1.698267e+02	2.901535e+02	-3.156254e+00	8.000002e-01	1.024234e+00	1.764185e+00	1.740721e+00	0.000000e+00	1	1.989596e-03
5.073570e+02	1.854870e+02	-6.030320e+00	8.001063e-01	1.484846e+00	1.999992e+00	1.896502e+00	0.000000e+00	1	1.989270e-03
3.033188e+02	1.915387e+02	-4.868623e+00	8.006983e-01	1.264722e+00	2.000000e+00	1.979767e+00	0.000000e+00	1	1.988422e-03
3.041340e+02	1.910060e+02	-4.874720e+00	8.000001e-01	1.266046e+00	1.999997e+00	1.978492e+00	0.000000e+00	1	1.985016e-03
3.479730e+02	1.771100e+02	-5.186914e+00	8.000000e-01	1.328342e+00	2.000000e+00	1.955675e+00	0.000000e+00	1	1.983715e-03
4.407338e+02	1.877599e+02	-5.592825e+00	8.000008e-01	1.415482e+00	2.000000e+00	1.915102e+00	0.000000e+00	1	1.980369e-03
5.751162e+02	2.042510e+02	-6.330644e+00	8.000019e-01	1.524638e+00	1.999995e+00	1.891995e+00	0.000000e+00	1	1.976014e-03
6.754050e+02	2.217456e+02	-7.003384e+00	8.000000e-01	1.603619e+00	2.000000e+00	1.885575e+00	0.000000e+00	1	1.975520e-03
7.950540e+02	9.523177e+02	-7.418170e+00	8.029403e-01	1.648291e+00	1.999951e+00	1.885477e+00	0.000000e+00	1	1.974701e-03
2.506252e+02	1.981716e+02	-4.281084e+00	8.002411e-01	1.188228e+00	1.892783e+00	1.870587e+00	0.000000e+00	1	1.973002e-03
7.702600e+02	5.590957e+02	-7.355067e+00	8.000000e-01	1.640947e+00	2.000000e+00	1.885437e+00	0.000000e+00	1	1.960278e-03
1.080321e+02	2.621156e+02	-2.508842e+00	1.798484e+00	8.936386e-01	1.999987e+00	1.786424e+00	0.000000e+00	1	1.959451e-03
7.265619e+02	2.653577e+02	-7.135947e+00	8.000001e-01	1.618075e+00	2.000000e+00	1.885519e+00	0.000000e+00	1	1.956477e-03
4.667988e+02	1.862028e+02	-5.756788e+00	8.000124e-01	1.443365e+00	1.999947e+00	1.906345e+00	0.000000e+00	1	1.955779e-03
7.992588e+02	1.160157e+03	-7.433730e+00	8.000708e-01	1.649206e+00	1.999961e+00	1.885476e+00	0.000000e+00	1	1.945195e-03
2.362719e+02	2.132768e+02	-4.038536e+00	8.002356e-01	1.156264e+00	1.892783e+00	1.868809e+00	0.000000e+00	1	1.938328e-03
7.998696e+02	1.197727e+03	-7.436376e+00	8.001038e-01	1.649204e+00	2.000000e+00	1.885660e+00	0.000000e+00	1	1.937516e-03
7.987683e+02	1.137831e+03	-7.431802e+00	8.000518e-01	1.649192e+00	1.999973e+00	1.885156e+00	0.000000e+00	1	1.934835e-03
7.714172e+02	5.889510e+02	-7.358386e+00	8.000002e-01	1.641247e+00	2.000000e+00	1.885567e+00	0.000000e+00	1	1.931435e-03
7.709529e+02	5.780914e+02	-7.357435e+00	8.000001e-01	1.641126e+00	1.999983e+00	1.885519e+00	0.000000e+00	1	1.924047e-03
5.997439e+02	2.064760e+02	-6.497301e+00	8.014067e-01	1.545468e+00	1.999999e+00	1.888537e+00	0.000000e+00	1	1.914033e-03
6.849638e+02	2.252670e+02	-7.061446e+00	8.000016e-01	1.610095e+00	1.999995e+00	1.885630e+00	0.000000e+00	1	1.911810e-03
2.502706e+02	1.984653e+02	-4.275640e+00	8.002411e-01	1.187483e+00	1.892783e+00	1.870587e+00	0.000000e+00	1	1.904377e-03
7.888717e+01	7.594888e+02	-2.011336e+00	1.687421e+00	8.001865e-01	1.999925e+00	1.813195e+00	0.000000e+00	1	1.903200e-03
4.880516e+02	1.853546e+02	-5.900715e+00	8.000001e-01	1.465303e+00	1.999999e+00	1.902577e+00	0.000000e+00	1	1.891973e-03
4.079833e+02	1.912454e+02	-5.403821e+00	8.001144e-01	1.379291e+00	1.999973e+00	1.928991e+00	0.000000e+00	1	1.890279e-03
6.652134e+02	2.185231e+02	-6.935424e+00	8.000000e-01	1.596322e+00	2.000000e+00	1.885555e+00	0.000000e+00	1	1.885760e-03
7.724698e+02	6.206725e+02	-7.360975e+00	8.000000e-01	1.641484e+00	2.000000e+00	1.885520e+00	0.000000e+00	1	1.880230e-03
9.648105e+01	2.789386e+02	-2.327528e+00	1.739434e+00	8.608435e-01	1.999997e+00	1.800880e+00	0.000000e+00	1	1.880016e-03
7.970785e+02	1.007602e+03	-7.422350e+00	8.012285e-01	1.649027e+00	1.999999e+00	1.885520e+00	0.000000e+00	1	1.875217e-03
7.564927e+02	3.452808e+02	-7.301809e+00	8.000001e-01	1.635503e+00	2.000000e+00	1.885576e+00	0.000000e+00	1	1.871800e-03
