1.911769e+03	-1.791043e+03
2.678919e+06	-8.171223e+05
2.197529e+02	-4.366548e+02
1.506541e+07	-1.897347e+06
5.207902e+02	-1.544023e+03
1.781996e+02	-4.596406e+02
1.158616e+02	-3.030871e+02
3.711768e+02	-1.310621e+04
1.305818e+06	-1.121939e+05
4.952798e+07	-7.530092e+06
1.239502e+03	-1.065441e+03
9.735039e+03	-1.464106e+05
2.396031e+02	-3.821642e+02
7.478689e+05	-1.009299e+05
2.408134e+02	-5.680465e+02
3.807260e+02	-7.667205e+02
5.149756e+02	-5.205563e+02
3.007046e+02	-7.987245e+02
8.504532e+08	-7.710118e+07
4.433753e+08	-4.510083e+07
7.412054e+07	-2.532163e+07
1.223960e+09	-1.805607e+08
1.103470e+06	-5.183777e+05
2.813842e+05	-2.181562e+05
4.526249e+06	-5.229573e+06
3.132516e+04	-2.262650e+05
2.188815e+07	-2.051535e+06
9.215645e+05	-2.388865e+05
2.018101e+03	-1.187821e+03
8.781828e+05	-8.390618e+05
2.115769e+05	-5.309724e+04
4.442099e+04	-8.864817e+04
1.360761e+03	-6.461321e+02
1.218428e+08	-1.434668e+07
6.729242e+04	-4.310212e+05
1.675253e+02	-5.028691e+02
1.085616e+05	-1.210404e+05
9.383385e+05	-1.750908e+05
5.107845e+06	-7.744162e+05
1.065437e+03	-2.172930e+04
4.345295e+02	-5.963043e+02
5.338233e+02	-6.232902e+02
3.323553e+02	-3.531911e+02
4.496051e+03	-3.016881e+04
1.294205e+05	-1.251517e+06
4.298414e+03	-6.777910e+04
8.334569e+01	-9.147737e+02
1.570245e+06	-3.377541e+05
9.457326e+05	-3.023942e+05
2.195932e+05	-1.205211e+05
5.671766e+05	-5.462354e+05
7.135882e+04	-3.182919e+04
2.176702e+05	-6.785815e+04
4.582840e+02	-2.388437e+02
3.402823e+38	3.402823e+38
1.640179e+03	-8.556560e+03
9.591971e+04	-3.128840e+04
2.152662e+07	-2.954131e+07
1.552196e+02	-5.131313e+02
3.451052e+02	-9.499409e+02
2.018567e+03	-1.336238e+03
1.072449e+07	-1.201603e+06
2.268798e+02	-5.806162e+02
1.685169e+06	-8.146152e+05
8.617541e+05	-1.453135e+06
8.597245e+06	-8.441845e+05
9.114278e+05	-1.158757e+05
3.620355e+05	-1.006431e+06
5.347611e+04	-6.258314e+05
3.672737e+02	-6.260762e+04
2.424875e+06	-5.566541e+05
1.641042e+05	-4.662396e+04
1.059016e+07	-3.619522e+06
3.123514e+04	-4.634857e+05
4.433363e+05	-2.687561e+05
5.611604e+06	-2.035753e+06
1.491919e+07	-5.007398e+06
2.293017e+05	-7.203324e+04
3.638844e+02	-8.187103e+02
2.233733e+05	-5.443036e+04
1.180756e+06	-8.356788e+05
9.699780e+03	-1.760234e+04
6.188138e+06	-1.702559e+06
8.185205e+02	-2.367970e+03
2.037541e+03	-1.407231e+03
5.372978e+02	-1.340047e+03
2.796761e+09	-2.618964e+09
1.068672e+04	-1.318577e+04
5.180945e+03	-7.012788e+04
3.468950e+02	-8.082015e+02
1.377423e+02	-3.419699e+02
7.850968e+03	-1.341855e+03
3.242289e+03	-2.687802e+03
7.805782e+02	-9.078942e+02
1.576405e+02	-2.699223e+02
6.465362e+03	-8.003368e+03
2.076116e+05	-2.660307e+04
2.374659e+04	-8.191743e+04
1.660095e+03	-1.414295e+03
9.545666e+06	-9.374560e+06
1.758849e+05	-1.206810e+05
2.017876e+06	-3.617170e+05
2.619241e+04	-1.481145e+04
7.721138e+06	-8.615390e+05
1.355350e+02	-2.782040e+02
4.143064e+06	-2.077731e+06
4.530434e+03	-1.217865e+03
2.988210e+03	-9.003199e+02
4.516916e+06	-5.653663e+06
2.310466e+02	-3.938188e+02
9.358696e+07	-3.516883e+07
3.146062e+05	-1.559328e+05
4.206745e+06	-2.294102e+06
1.013367e+06	-9.974595e+05
1.903127e+02	-1.095555e+03
4.857404e+05	-1.896545e+05
4.144656e+04	-5.832046e+04
2.653040e+02	-9.014991e+02
4.991794e+01	-3.677258e+03
6.984576e+06	-9.886326e+05
9.882963e+01	-2.891236e+02
2.763097e+07	-8.016354e+06
1.399479e+04	-1.949333e+04
4.155115e+02	-4.790423e+02
4.614515e+04	-6.310619e+04
2.267742e+04	-6.745700e+04
2.714714e+05	-8.193752e+04
1.808914e+03	-5.986012e+02
1.862271e+04	-9.184412e+03
3.056273e+07	-5.198640e+06
7.464073e+04	-1.092184e+04
7.717176e+02	-5.029757e+02
1.174491e+03	-4.026048e+02
1.164774e+06	-1.048501e+06
7.386734e+02	-8.207479e+02
1.643378e+06	-1.292537e+05
4.078932e+03	-1.389375e+04
6.084621e+03	-8.081412e+04
8.341842e+02	-1.862892e+04
2.542615e+02	-1.405662e+03
5.291895e+02	-4.088924e+02
3.402823e+38	3.402823e+38
2.379902e+02	-2.926522e+02
1.282783e+03	-1.127825e+03
8.525213e+04	-3.759150e+04
1.239355e+08	-1.122967e+08
2.686812e+06	-6.027206e+05
5.538726e+02	-1.020216e+03
1.066522e+03	-7.186009e+02
8.757561e+02	-3.945887e+04
2.996416e+02	-4.941822e+03
5.379622e+03	-1.057958e+04
1.400464e+05	-5.168813e+04
7.192032e+05	-1.636423e+06
1.630465e+03	-6.921308e+02
6.590398e+05	-4.559396e+05
6.137948e+06	-1.523554e+06
6.373220e+06	-4.377968e+06
4.088537e+04	-4.863557e+04
1.855113e+06	-2.817541e+05
1.869196e+07	-3.809231e+06
1.586096e+01	-1.850275e+04
3.082861e+03	-8.048688e+02
4.125556e+05	-1.364638e+05
1.427603e+06	-1.486420e+05
1.389785e+02	-5.283744e+02
2.320002e+09	-1.100140e+09
2.837548e+04	-1.284122e+04
2.807787e+03	-5.834467e+04
4.535280e+03	-1.533879e+03
1.921423e+03	-6.298558e+02
1.332815e+04	-6.836327e+04
1.974548e+03	-1.105819e+04
1.505409e+02	-1.009681e+03
4.989891e+05	-1.460704e+05
2.750967e+03	-4.104624e+04
9.715112e+02	-2.063508e+03
4.144237e+02	-1.652010e+03
3.031032e+06	-4.517057e+05
1.105402e+05	-4.731762e+04
6.191688e+06	-3.977269e+06
5.756155e+03	-2.449917e+03
1.957977e+05	-4.418227e+04
7.466193e+06	-1.552099e+06
1.586836e+03	-5.016272e+03
2.312704e+06	-4.439227e+05
4.039214e+04	-2.596264e+05
2.580465e+02	-6.252465e+02
4.999097e+05	-5.106610e+04
5.485589e+04	-2.108829e+04
4.005323e+03	-8.747798e+02
6.254078e+06	-3.882284e+06
1.381012e+06	-1.168331e+06
6.380184e+06	-1.093211e+06
7.719430e+08	-7.118601e+07
1.337756e+03	-1.076547e+03
2.715053e+02	-7.068359e+02
3.942218e+03	-1.366725e+03
1.481351e+04	-3.723737e+04
3.110574e+07	-9.829912e+06
2.231126e+02	-7.067590e+02
3.157805e+03	-4.386809e+04
2.442176e+06	-7.045502e+06
2.270895e+06	-6.369481e+05
3.266954e+02	-6.180408e+02
4.711534e+05	-5.418499e+04
2.144408e+03	-1.636429e+04
3.402823e+38	3.402823e+38
2.992937e+06	-6.642270e+05
1.086292e+07	-1.066495e+06
3.817142e+06	-5.670308e+06
1.096107e+02	-4.905867e+02
9.746782e+05	-1.257134e+05
6.200261e+05	-7.339370e+05
3.630262e+04	-3.739819e+04
1.046364e+03	-8.346128e+02
2.742962e+03	-9.669954e+02
2.173252e+08	-4.451031e+07
4.848563e+02	-3.087218e+02
3.661127e+03	-8.731596e+02
5.044869e+06	-1.575373e+06
9.198877e+05	-2.308802e+06
2.754568e+02	-6.513770e+02
2.833645e+08	-2.330039e+07
7.879193e+03	-4.455082e+03
1.187051e+06	-2.300105e+05
3.402823e+38	3.402823e+38
7.444626e+05	-8.406872e+04
3.402823e+38	3.402823e+38
2.020347e+03	-6.634648e+02
1.197229e+07	-3.091373e+06
6.185657e+02	-1.427746e+03
2.048874e+06	-6.025627e+05
7.591152e+06	-7.002654e+05
3.291815e+03	-1.212411e+03
6.598983e+04	-3.417413e+04
6.935623e+02	-9.910755e+02
2.519244e+04	-9.283367e+03
8.941655e+03	-3.155026e+03
1.438752e+08	-4.101586e+07
3.728702e+03	-1.078490e+03
4.753866e+03	-1.450171e+05
3.122621e+06	-1.598829e+06
2.131505e+06	-2.799361e+05
5.925987e+03	-5.118224e+03
1.928962e+05	-6.057609e+05
2.170606e+03	-9.336791e+02
1.177978e+04	-5.291269e+03
5.961696e+07	-1.068383e+07
2.089624e+03	-2.293344e+04
7.811848e+04	-5.291597e+04
5.524571e+04	-1.392112e+05
1.202600e+03	-8.532971e+02
6.777718e+03	-9.460156e+02
8.169562e+05	-3.683161e+06
2.988028e+10	-1.937129e+10
1.359396e+03	-6.653136e+03
1.110239e+03	-6.177093e+02
2.863890e+03	-8.020358e+02
4.956593e+03	-4.908397e+03
8.271551e+05	-5.249651e+05
3.661748e+07	-5.508544e+06
2.875260e+06	-7.439014e+05
4.112667e+06	-4.323362e+05
1.866819e+06	-2.538771e+05
2.591734e+07	-6.741398e+06
8.249321e+04	-7.175256e+04
6.030134e+05	-5.063492e+05
2.717370e+04	-8.964422e+04
8.910658e+06	-5.364262e+07
4.882299e+05	-1.133072e+06
1.002924e+06	-2.996002e+05
1.683865e+08	-3.233502e+07
1.322892e+03	-2.288278e+03
3.561488e+05	-1.432698e+05
7.794786e+01	-1.310188e+03
2.575836e+03	-2.716015e+04
1.436763e+02	-6.717572e+02
1.979761e+03	-8.429703e+02
3.770580e+04	-1.174739e+04
9.048140e+03	-1.180600e+04
1.216641e+05	-8.670463e+04
5.774372e+02	-2.668395e+02
3.233106e+04	-3.709256e+03
5.904883e+04	-1.706134e+04
3.238134e+06	-6.008339e+05
4.544678e+06	-1.431366e+06
9.909950e+05	-7.238032e+05
4.360550e+07	-9.364844e+07
4.970520e+02	-2.993535e+02
8.201429e+06	-2.520424e+06
6.839398e+04	-6.609121e+04
4.623450e+05	-5.976477e+05
9.905028e+05	-9.476496e+04
5.123143e+06	-4.418134e+05
2.395507e+06	-1.840034e+05
1.091061e+02	-5.841710e+02
3.549588e+05	-2.912690e+05
2.484191e+02	-1.153400e+04
1.713096e+06	-1.244688e+06
6.397619e+02	-3.938196e+02
1.880840e+02	-2.695880e+02
1.437591e+04	-7.898362e+03
9.237123e+07	-3.942552e+07
1.148288e+03	-6.208982e+02
6.696798e+06	-3.049716e+06
4.447171e+03	-2.495903e+04
4.571087e+03	-1.640985e+03
2.864440e+02	-2.395433e+02
5.575503e+04	-2.504525e+04
1.123185e+02	-5.797251e+02
3.950442e+03	-2.645264e+03
2.317401e+02	-4.577101e+02
1.506066e+05	-9.644198e+05
8.300984e+03	-3.035363e+03
3.055568e+03	-3.365889e+03
1.517204e+05	-8.659952e+05
4.079527e+02	-4.107458e+02
7.304027e+05	-1.806044e+05
2.632713e+03	-9.331507e+02
2.572416e+02	-4.498506e+02
1.184964e+04	-1.550697e+03
4.938440e+07	-1.160471e+07
4.578515e+05	-3.652085e+05
2.413583e+06	-1.153109e+06
1.039198e+04	-6.287922e+03
4.157051e+03	-8.649704e+02
8.154668e+07	-1.874353e+07
8.381385e+03	-2.583870e+03
1.641979e+03	-5.562510e+02
3.431397e+02	-4.739229e+02
3.304546e+03	-1.796380e+03
7.420057e+02	-7.798589e+03
4.102650e+08	-3.797537e+07
2.528667e+08	-3.746631e+07
1.554962e+09	-2.099201e+08
3.601919e+02	-4.061161e+02
8.580131e+11	-1.070226e+11
8.838138e+03	-1.116461e+05
3.631030e+04	-5.305407e+03
2.332690e+07	-5.376804e+06
1.233698e+03	-9.705743e+02
8.996342e+06	-2.829151e+06
2.882075e+02	-3.617040e+02
4.395648e+05	-2.015017e+05
4.862228e+05	-6.369967e+04
3.647308e+05	-4.492011e+05
2.076559e+03	-8.085802e+02
8.668399e+01	-7.477971e+02
2.889212e+05	-4.077645e+05
8.269608e+02	-6.746076e+02
1.384221e+07	-1.194964e+06
5.134347e+05	-5.764659e+04
6.934864e+05	-1.448975e+05
3.881763e+06	-5.912233e+05
1.089717e+02	-3.625790e+02
1.369949e+05	-3.994182e+05
1.802741e+06	-1.782790e+05
2.014457e+03	-1.040860e+03
3.501721e+05	-7.182076e+04
3.402823e+38	3.402823e+38
6.647902e+06	-1.170679e+06
7.568855e+02	-3.641181e+03
1.791986e+05	-9.185116e+04
1.544929e+03	-2.271348e+04
7.631906e+03	-6.416578e+04
1.774981e+07	-5.219450e+06
4.902299e+04	-3.338579e+05
1.227613e+06	-1.138681e+07
8.715210e+05	-2.062553e+05
3.034640e+03	-1.296770e+03
7.149297e+05	-1.232100e+05
9.051753e+03	-1.457790e+03
1.513205e+02	-1.356519e+03
1.729030e+02	-3.165343e+03
1.112907e+06	-1.494888e+05
1.695045e+02	-3.259928e+02
9.183163e+03	-1.011642e+04
2.189075e+02	-2.444320e+04
1.052117e+03	-1.244963e+03
7.254513e+02	-1.186638e+04
1.394933e+03	-6.503731e+02
1.020806e+05	-7.810814e+04
1.713734e+03	-1.906494e+03
2.920790e+06	-1.077352e+06
1.019623e+03	-2.291079e+03
8.120434e+02	-3.293881e+02
6.626453e+03	-1.432150e+05
1.714595e+06	-5.092659e+05
1.260764e+04	-9.236201e+03
2.201755e+02	-5.159380e+02
6.394131e+06	-7.099587e+05
6.316322e+06	-1.407151e+06
1.112304e+03	-5.314508e+02
1.000189e+08	-2.701515e+07
1.426581e+06	-5.687136e+05
5.745343e+01	-8.262163e+02
1.483900e+03	-5.106919e+02
3.016355e+06	-4.666966e+05
1.145796e+07	-1.685064e+06
7.398956e+03	-1.559391e+03
3.829727e+06	-6.428093e+05
1.370310e+08	-7.784903e+07
6.703519e+06	-2.378403e+08
1.132184e+06	-1.472210e+05
2.582339e+02	-2.820908e+02
4.807122e+04	-1.038885e+06
1.750059e+06	-3.499843e+05
2.235620e+03	-2.202304e+04
2.200719e+05	-5.867225e+04
4.816121e+06	-2.819709e+06
3.904243e+05	-5.052286e+04
8.558282e+07	-8.782698e+06
1.837718e+02	-5.987075e+03
2.122526e+02	-3.857616e+02
1.929118e+03	-5.439659e+03
9.679515e+02	-6.679372e+02
1.151978e+03	-5.147376e+03
4.469737e+04	-4.348551e+04
6.544636e+03	-4.711049e+03
1.434781e+05	-2.173772e+05
2.394795e+02	-3.589854e+02
4.247464e+04	-3.665289e+06
5.429495e+05	-1.316881e+05
8.942606e+04	-2.442599e+05
9.506616e+08	-4.498656e+08
6.486853e+06	-1.098708e+06
3.144640e+03	-6.172663e+02
2.828850e+03	-2.086208e+03
3.402823e+38	3.402823e+38
5.996528e+06	-3.186885e+06
3.882067e+03	-2.069099e+04
1.581837e+04	-5.293025e+03
4.028373e+02	-4.331022e+02
7.535995e+03	-2.185801e+03
8.584787e+03	-1.529740e+05
1.910577e+03	-6.682163e+02
1.010004e+08	-2.349105e+07
4.896253e+06	-4.373807e+06
2.338277e+02	-4.522923e+02
4.941766e+05	-6.318210e+04
1.157821e+05	-6.299967e+04
5.176520e+06	-2.519616e+06
2.279521e+08	-1.186439e+09
7.227059e+03	-4.199711e+04
6.344280e+02	-1.520113e+03
1.451890e+02	-2.813521e+02
6.789146e+04	-5.129494e+04
1.188855e+07	-2.389830e+06
1.499305e+05	-1.101623e+05
3.575658e+03	-2.624356e+03
2.340642e+04	-1.518169e+04
1.590460e+02	-3.488568e+02
7.814657e+06	-4.213898e+06
2.011323e+09	-1.933119e+08
1.416172e+06	-2.315722e+05
3.017096e+05	-1.130372e+05
1.082394e+02	-2.564786e+03
9.978162e+05	-2.885702e+05
2.921271e+02	-2.551720e+03
1.208489e+07	-2.846415e+06
3.429089e+04	-9.381988e+04
4.072408e+07	-6.086708e+06
1.196721e+05	-6.367880e+04
4.915223e+02	-9.131481e+02
3.336349e+03	-2.545635e+03
1.111345e+06	-9.691856e+04
2.790581e+02	-4.757815e+02
8.210391e+02	-9.500088e+02
2.133065e+02	-1.466977e+03
7.684415e+02	-7.516323e+02
3.352507e+03	-1.078772e+03
2.699372e+07	-9.890320e+06
2.353776e+03	-3.236874e+03
8.683600e+02	-1.028000e+03
1.060709e+03	-8.502774e+02
1.001954e+05	-1.180641e+05
6.025329e+01	-1.072069e+03
4.473742e+06	-4.646000e+06
9.359833e+07	-9.244164e+06
2.420841e+08	-3.122217e+07
2.984355e+07	-1.611459e+07
4.028918e+06	-1.839683e+06
3.468469e+04	-1.530813e+05
5.134186e+05	-9.449975e+05
4.806002e+03	-8.149949e+02
5.096102e+06	-2.915651e+06
2.728158e+04	-6.174537e+04
9.370693e+07	-2.304446e+07
2.861122e+03	-1.521890e+03
3.201948e+03	-1.291367e+03
1.563919e+07	-1.900118e+06
9.250852e+04	-8.224417e+04
3.923659e+05	-1.923243e+05
2.276748e+08	-1.519548e+07
2.631830e+06	-2.732545e+05
8.930519e+02	-6.010345e+02
2.532345e+06	-3.194641e+06
3.047087e+05	-1.502523e+06
3.402823e+38	3.402823e+38
